Not Found: /blog
Not Found: /favicon.ico
Not Found: /static/css/owl.carousel.css
<QuerySet [<blogPlusTags: 7 body language tips to aid in your charisma - top Blogs of Month>, <blogPlusTags: 7 stupid purchases rich people make. - top Blogs of Month>, <blogPlusTags: How to utilize your willpower effectively? - top Blogs of Month>]>
Not Found: /static/css/style-starter.css
Not Found: /static/images/a1.jpg
Not Found: /static/images/a2.jpg
Not Found: /static/js/jquery-3.3.1.min.js
Not Found: /static/js/theme-change.js
Not Found: /media/
Not Found: /static/js/bootstrap.min.js
Not Found: /static/images/ad.jpg
Not Found: /static/js/owl.carousel.js
Not Found: /static/js/bootstrap.min.js
Not Found: /favicon.ico
Not Found: /static/css/style-starter.css
Not Found: /static/css/owl.carousel.css
Not Found: /media/
Not Found: /static/images/ad.jpg
Not Found: /static/images/a1.jpg
Not Found: /static/js/jquery-3.3.1.min.js
Not Found: /static/js/theme-change.js
Not Found: /static/images/a2.jpg
Not Found: /static/js/owl.carousel.js
Not Found: /static/js/bootstrap.min.js
<QuerySet [<blogPlusTags: 7 body language tips to aid in your charisma - top Blogs of Month>, <blogPlusTags: 7 stupid purchases rich people make. - top Blogs of Month>, <blogPlusTags: How to utilize your willpower effectively? - top Blogs of Month>]>
Not Found: /static/css/owl.carousel.css
Not Found: /media/
Not Found: /static/images/ad.jpg
Not Found: /static/images/a1.jpg
Not Found: /static/images/a2.jpg
Not Found: /static/js/theme-change.js
Not Found: /static/css/style-starter.css
Not Found: /static/js/owl.carousel.js
Not Found: /static/js/jquery-3.3.1.min.js
Not Found: /static/js/bootstrap.min.js
<QuerySet [<blogPlusTags: 7 body language tips to aid in your charisma - top Blogs of Month>, <blogPlusTags: 7 stupid purchases rich people make. - top Blogs of Month>, <blogPlusTags: How to utilize your willpower effectively? - top Blogs of Month>]>
Not Found: /static/css/owl.carousel.css
Not Found: /static/js/jquery-3.3.1.min.js
Not Found: /static/js/theme-change.js
Not Found: /static/js/owl.carousel.js
Not Found: /static/css/style-starter.css
Not Found: /static/js/bootstrap.min.js
Not Found: /media/
Not Found: /static/images/ad.jpg
Not Found: /static/images/a2.jpg
Not Found: /static/images/a1.jpg
<QuerySet [<blogPlusTags: 7 body language tips to aid in your charisma - top Blogs of Month>, <blogPlusTags: 7 stupid purchases rich people make. - top Blogs of Month>, <blogPlusTags: How to utilize your willpower effectively? - top Blogs of Month>]>
Not Found: /static/images/ad.jpg
Not Found: /static/js/jquery-3.3.1.min.js
Not Found: /static/js/theme-change.js
Not Found: /static/js/owl.carousel.js
Not Found: /static/js/bootstrap.min.js
Not Found: /static/css/owl.carousel.css
Not Found: /static/css/style-starter.css
Not Found: /static/images/a2.jpg
Not Found: /static/images/a1.jpg
Not Found: /media/
Not Found: /static/images/a2.jpg
Not Found: /media/
Not Found: /static/images/a1.jpg
Not Found: /static/images/ad.jpg
Not Found: /null
<QuerySet []>
How Japanese people are so fitter and thinner?
Not Found: /static/images/a2.jpg
Not Found: /media/
Not Found: /static/images/ad.jpg
Not Found: /static/images/a1.jpg
<QuerySet [<blogPlusTags: 7 body language tips to aid in your charisma - top Blogs of Month>, <blogPlusTags: 7 stupid purchases rich people make. - top Blogs of Month>, <blogPlusTags: How to utilize your willpower effectively? - top Blogs of Month>]>
Not Found: /static/css/style-starter.css
Not Found: /static/css/owl.carousel.css
Not Found: /static/js/jquery-3.3.1.min.js
Not Found: /static/js/theme-change.js
Not Found: /static/js/owl.carousel.js
Not Found: /static/js/bootstrap.min.js
Not Found: /media/
Not Found: /static/images/ad.jpg
Not Found: /static/images/a1.jpg
Not Found: /static/images/a2.jpg
Not Found: /static/css/style-starter.css
Not Found: /static/css/owl.carousel.css
<QuerySet [<blogPlusTags: 7 body language tips to aid in your charisma - top Blogs of Month>, <blogPlusTags: 7 stupid purchases rich people make. - top Blogs of Month>, <blogPlusTags: How to utilize your willpower effectively? - top Blogs of Month>]>
Not Found: /media/%7B%7BdailyBlog1.image%7D%7D
Not Found: /%7B%2520static%20'images/a2.jpg'%20%257D
Not Found: /media/%7B%7Bi.blog.image%7D%7D
Not Found: /%7B%2520static%20'images/a1.jpg'%20%257D
Not Found: /%7B%2520static%20'images/ad.jpg'%20%257D
Not Found: /media/%7B%7BdailyBlog2.image%7D%7D
Not Found: /media/%7B%7Bi.image%7D%7D
Not Found: /static/css/style-starter.css
Not Found: /static/css/owl.carousel.css
Not Found: /static/js/jquery-3.3.1.min.js
Not Found: /static/js/theme-change.js
Not Found: /static/js/owl.carousel.js
Not Found: /static/js/bootstrap.min.js
Not Found: /static/images/a1.jpg
Not Found: /static/images/ad.jpg
Not Found: /static/css/style-starter.css
Not Found: /media/
Not Found: /static/images/a2.jpg
Not Found: /static/css/owl.carousel.css
Not Found: /static/css/style-starter.css
Not Found: /media/
Not Found: /static/js/owl.carousel.js
Not Found: /static/images/ad.jpg
Not Found: /static/images/a1.jpg
Not Found: /static/js/bootstrap.min.js
Not Found: /static/images/a2.jpg
Not Found: /static/js/jquery-3.3.1.min.js
Not Found: /static/js/theme-change.js
<QuerySet [<blogPlusTags: 7 body language tips to aid in your charisma - top Blogs of Month>, <blogPlusTags: 7 stupid purchases rich people make. - top Blogs of Month>, <blogPlusTags: How to utilize your willpower effectively? - top Blogs of Month>]>
<QuerySet [<blogPlusTags: 7 body language tips to aid in your charisma - top Blogs of Month>, <blogPlusTags: 7 stupid purchases rich people make. - top Blogs of Month>, <blogPlusTags: How to utilize your willpower effectively? - top Blogs of Month>]>
Not Found: /static/css/owl.carousel.css
Not Found: /static/css/style-starter.css
Not Found: /static/js/bootstrap.min.js
Not Found: /static/js/jquery-3.3.1.min.js
Not Found: /static/js/theme-change.js
Not Found: /static/js/owl.carousel.js
Not Found: /media/
<QuerySet [<blogPlusTags: 7 body language tips to aid in your charisma - top Blogs of Month>, <blogPlusTags: 7 stupid purchases rich people make. - top Blogs of Month>, <blogPlusTags: How to utilize your willpower effectively? - top Blogs of Month>]>
Not Found: /static/js/bootstrap.min.js
Not Found: /static/images/ad.jpg
Not Found: /static/images/a1.jpg
Not Found: /static/images/a2.jpg
Not Found: /static/css/style-starter.css
Not Found: /static/css/owl.carousel.css
<QuerySet [<blogPlusTags: 7 body language tips to aid in your charisma - top Blogs of Month>, <blogPlusTags: 7 stupid purchases rich people make. - top Blogs of Month>, <blogPlusTags: How to utilize your willpower effectively? - top Blogs of Month>]>
Not Found: /static/css/owl.carousel.css
<QuerySet [<blogPlusTags: 7 body language tips to aid in your charisma - top Blogs of Month>, <blogPlusTags: 7 stupid purchases rich people make. - top Blogs of Month>, <blogPlusTags: How to utilize your willpower effectively? - top Blogs of Month>]>
<QuerySet [<blogPlusTags: 7 body language tips to aid in your charisma - top Blogs of Month>, <blogPlusTags: 7 stupid purchases rich people make. - top Blogs of Month>, <blogPlusTags: How to utilize your willpower effectively? - top Blogs of Month>]>
Not Found: /static/css/style-starter.css
Not Found: /static/css/owl.carousel.css
Not Found: /static/js/jquery-3.3.1.min.js
Not Found: /static/js/theme-change.js
Not Found: /static/css/style-starter.css
Not Found: /static/js/owl.carousel.js
Not Found: /static/js/bootstrap.min.js
Not Found: /media/
Not Found: /static/images/ad.jpg
Not Found: /static/images/a1.jpg
Not Found: /static/images/a2.jpg
<QuerySet [<blogPlusTags: 7 body language tips to aid in your charisma - top Blogs of Month>, <blogPlusTags: 7 stupid purchases rich people make. - top Blogs of Month>, <blogPlusTags: How to utilize your willpower effectively? - top Blogs of Month>]>
Not Found: /static/css/style-starter.css
Not Found: /static/css/owl.carousel.css
Not Found: /static/images/ad.jpg
Not Found: /media/
Not Found: /static/js/jquery-3.3.1.min.js
Not Found: /static/js/theme-change.js
Not Found: /static/js/owl.carousel.js
Not Found: /static/js/bootstrap.min.js
Not Found: /static/images/a1.jpg
Not Found: /static/images/a2.jpg
<QuerySet [<blogPlusTags: 7 body language tips to aid in your charisma - top Blogs of Month>, <blogPlusTags: 7 stupid purchases rich people make. - top Blogs of Month>, <blogPlusTags: How to utilize your willpower effectively? - top Blogs of Month>]>
Not Found: /static/css/style-starter.css
Not Found: /favicon.ico
Not Found: /favicon.ico
Not Found: /favicon.ico
Not Found: /favicon.ico
Not Found: /favicon.ico
Not Found: /static/js/theme-change.js
Not Found: /favicon.ico
<QuerySet [<blogPlusTags: 7 body language tips to aid in your charisma - top Blogs of Month>, <blogPlusTags: 7 stupid purchases rich people make. - top Blogs of Month>, <blogPlusTags: How to utilize your willpower effectively? - top Blogs of Month>]>
<QuerySet [<blogPlusTags: 7 body language tips to aid in your charisma - top Blogs of Month>, <blogPlusTags: 7 stupid purchases rich people make. - top Blogs of Month>, <blogPlusTags: How to utilize your willpower effectively? - top Blogs of Month>]>
<QuerySet [<blogPlusTags: 7 body language tips to aid in your charisma - top Blogs of Month>, <blogPlusTags: 7 stupid purchases rich people make. - top Blogs of Month>, <blogPlusTags: How to utilize your willpower effectively? - top Blogs of Month>]>
<QuerySet [<blogPlusTags: 7 body language tips to aid in your charisma - top Blogs of Month>, <blogPlusTags: 7 stupid purchases rich people make. - top Blogs of Month>, <blogPlusTags: How to utilize your willpower effectively? - top Blogs of Month>]>
<QuerySet [<blogPlusTags: 7 body language tips to aid in your charisma - top Blogs of Month>, <blogPlusTags: 7 stupid purchases rich people make. - top Blogs of Month>, <blogPlusTags: How to utilize your willpower effectively? - top Blogs of Month>]>
Not Found: /static/css/owl.carousel.css
Not Found: /static/js/jquery-3.3.1.min.js
Not Found: /static/js/theme-change.js
Not Found: /static/js/owl.carousel.js
Not Found: /media/
Not Found: /static/images/a1.jpg
Not Found: /static/images/a2.jpg
Not Found: /static/js/bootstrap.min.js
Not Found: /static/images/ad.jpg
Not Found: /static/css/style-starter.css
Not Found: /static/css/owl.carousel.css
Not Found: /static/images/ad.jpg
Not Found: /media/
Not Found: /static/css/style-starter.css
Not Found: /static/js/bootstrap.min.js
Not Found: /static/js/owl.carousel.js
Not Found: /static/js/theme-change.js
Not Found: /static/js/jquery-3.3.1.min.js
Not Found: /static/images/a2.jpg
Not Found: /static/images/a1.jpg
Not Found: /static/js/theme-change.js
Not Found: /static/js/owl.carousel.js
Not Found: /static/js/bootstrap.min.js
<QuerySet [<blogPlusTags: 7 body language tips to aid in your charisma - top Blogs of Month>, <blogPlusTags: 7 stupid purchases rich people make. - top Blogs of Month>, <blogPlusTags: How to utilize your willpower effectively? - top Blogs of Month>]>
Not Found: /static/css/style-starter.css
<QuerySet [<blogPlusTags: 7 body language tips to aid in your charisma - top Blogs of Month>, <blogPlusTags: 7 stupid purchases rich people make. - top Blogs of Month>, <blogPlusTags: How to utilize your willpower effectively? - top Blogs of Month>]>
<QuerySet [<blogPlusTags: 7 body language tips to aid in your charisma - top Blogs of Month>, <blogPlusTags: 7 stupid purchases rich people make. - top Blogs of Month>, <blogPlusTags: How to utilize your willpower effectively? - top Blogs of Month>]>
Not Found: /static/css/owl.carousel.css
Not Found: /static/images/ad.jpg
Not Found: /media/
Not Found: /static/css/style-starter.css
Not Found: /static/js/theme-change.js
Not Found: /static/js/bootstrap.min.js
Not Found: /static/js/owl.carousel.js
Not Found: /static/js/jquery-3.3.1.min.js
Not Found: /static/images/a1.jpg
Not Found: /static/images/a2.jpg
Not Found: /static/js/theme-change.js
Not Found: /static/js/owl.carousel.js
Not Found: /static/js/bootstrap.min.js
<QuerySet [<blogPlusTags: 7 body language tips to aid in your charisma - top Blogs of Month>, <blogPlusTags: 7 stupid purchases rich people make. - top Blogs of Month>, <blogPlusTags: How to utilize your willpower effectively? - top Blogs of Month>]>
Not Found: /static/css/owl.carousel.css
Not Found: /static/js/jquery-3.3.1.min.js
Not Found: /static/js/theme-change.js
Not Found: /static/css/style-starter.css
Not Found: /static/images/ad.jpg
Not Found: /static/images/a2.jpg
Not Found: /media/
Not Found: /static/js/bootstrap.min.js
Not Found: /static/images/a1.jpg
Not Found: /static/js/owl.carousel.js
<QuerySet [<blogPlusTags: 7 body language tips to aid in your charisma - top Blogs of Month>, <blogPlusTags: 7 stupid purchases rich people make. - top Blogs of Month>, <blogPlusTags: How to utilize your willpower effectively? - top Blogs of Month>]>
Not Found: /static/css/owl.carousel.css
Not Found: /static/js/jquery-3.3.1.min.js
Not Found: /static/js/theme-change.js
Not Found: /static/js/owl.carousel.js
Not Found: /static/js/bootstrap.min.js
Not Found: /static/images/a1.jpg
Not Found: /static/images/ad.jpg
Not Found: /static/css/style-starter.css
Not Found: /static/images/a2.jpg
Not Found: /media/
Not Found: /static/js/jquery-3.3.1.min.js
Not Found: /static/js/theme-change.js
Not Found: /static/js/owl.carousel.js
Not Found: /static/js/bootstrap.min.js
<QuerySet [<blogPlusTags: 7 body language tips to aid in your charisma - top Blogs of Month>, <blogPlusTags: 7 stupid purchases rich people make. - top Blogs of Month>, <blogPlusTags: How to utilize your willpower effectively? - top Blogs of Month>]>
Not Found: /static/css/owl.carousel.css
Not Found: /media/
Not Found: /static/css/style-starter.css
Not Found: /static/images/a1.jpg
Not Found: /static/images/ad.jpg
Not Found: /static/images/a2.jpg
Not Found: /static/js/owl.carousel.js
Not Found: /static/js/theme-change.js
Not Found: /static/js/jquery-3.3.1.min.js
Not Found: /static/js/bootstrap.min.js
Not Found: /static/js/theme-change.js
Not Found: /static/js/owl.carousel.js
Not Found: /static/css/owl.carousel.css
Not Found: /media/
Not Found: /static/js/jquery-3.3.1.min.js
Not Found: /static/images/ad.jpg
Not Found: /static/js/theme-change.js
Not Found: /static/css/style-starter.css
Not Found: /static/js/owl.carousel.js
Not Found: /static/js/bootstrap.min.js
Not Found: /static/images/a2.jpg
Not Found: /static/images/a1.jpg
Not Found: /static/js/jquery-3.3.1.min.js
Not Found: /static/js/theme-change.js
Not Found: /static/js/owl.carousel.js
Not Found: /static/js/bootstrap.min.js
Not Found: /favicon.ico
<QuerySet [<blogPlusTags: 7 body language tips to aid in your charisma - top Blogs of Month>, <blogPlusTags: 7 stupid purchases rich people make. - top Blogs of Month>, <blogPlusTags: How to utilize your willpower effectively? - top Blogs of Month>]>
<QuerySet [<blogPlusTags: 7 body language tips to aid in your charisma - top Blogs of Month>, <blogPlusTags: 7 stupid purchases rich people make. - top Blogs of Month>, <blogPlusTags: How to utilize your willpower effectively? - top Blogs of Month>]>
Not Found: /.well-known/security.txt
Not Found: /media/
Not Found: /static/js/bootstrap.min.js.map
<QuerySet [<blogPlusTags: 7 body language tips to aid in your charisma - top Blogs of Month>, <blogPlusTags: 7 stupid purchases rich people make. - top Blogs of Month>, <blogPlusTags: How to utilize your willpower effectively? - top Blogs of Month>]>
Not Found: /media/
Not Found: /media/
admin
<QuerySet [<blogPlusTags: 7 body language tips to aid in your charisma - top Blogs of Month>, <blogPlusTags: 7 stupid purchases rich people make. - top Blogs of Month>, <blogPlusTags: How to utilize your willpower effectively? - top Blogs of Month>]>
<QuerySet [<blogPlusTags: 7 body language tips to aid in your charisma - top Blogs of Month>, <blogPlusTags: 7 stupid purchases rich people make. - top Blogs of Month>, <blogPlusTags: How to utilize your willpower effectively? - top Blogs of Month>]>
Not Found: /media/
<QuerySet [<blogPlusTags: 7 body language tips to aid in your charisma - top Blogs of Month>, <blogPlusTags: 7 stupid purchases rich people make. - top Blogs of Month>, <blogPlusTags: How to utilize your willpower effectively? - top Blogs of Month>]>
Not Found: /favicon.ico
Not Found: /media/
Not Found: /static/static/ckeditor/ckeditor.js
/home/mindpvcp/blog/blogcodecs/views.py:42: UnorderedObjectListWarning: Pagination may yield inconsistent results with an unordered object_list: <class 'blogcodecs.models.blogs'> QuerySet.
  paginator = Paginator(blog,9)
<QuerySet [<blogPlusTags: 7 body language tips to aid in your charisma - top Blogs of Month>, <blogPlusTags: 7 stupid purchases rich people make. - top Blogs of Month>, <blogPlusTags: How to utilize your willpower effectively? - top Blogs of Month>]>
<QuerySet []>
How to be productive at home?
Not Found: /static/static/ckeditor/ckeditor.js
Not Found: /media/
<QuerySet []>
How to be productive at home?
<QuerySet [<blogPlusTags: 7 body language tips to aid in your charisma - top Blogs of Month>, <blogPlusTags: 7 stupid purchases rich people make. - top Blogs of Month>, <blogPlusTags: How to utilize your willpower effectively? - top Blogs of Month>]>
Not Found: /media/
Not Found: /media/
<QuerySet [<blogPlusTags: 7 body language tips to aid in your charisma - top Blogs of Month>, <blogPlusTags: 7 stupid purchases rich people make. - top Blogs of Month>, <blogPlusTags: How to utilize your willpower effectively? - top Blogs of Month>]>
<QuerySet [<blogPlusTags: 7 body language tips to aid in your charisma - top Blogs of Month>, <blogPlusTags: 7 stupid purchases rich people make. - top Blogs of Month>, <blogPlusTags: How to utilize your willpower effectively? - top Blogs of Month>]>
Not Found: /media/
Not Found: /favicon.ico
<QuerySet [<blogPlusTags: 7 body language tips to aid in your charisma - top Blogs of Month>, <blogPlusTags: 7 stupid purchases rich people make. - top Blogs of Month>, <blogPlusTags: How to utilize your willpower effectively? - top Blogs of Month>]>
Not Found: /media/
Not Found: /static/static/ckeditor/ckeditor.js
Not Found: /media/
Not Found: /static/static/ckeditor/ckeditor.js
Not Found: /media/
Not Found: /static/static/ckeditor/ckeditor.js
Not Found: /media/
Not Found: /media/
<QuerySet [<blogPlusTags: 7 body language tips to aid in your charisma - top Blogs of Month>, <blogPlusTags: 7 stupid purchases rich people make. - top Blogs of Month>, <blogPlusTags: How to utilize your willpower effectively? - top Blogs of Month>]>
<QuerySet []>
7 body language tips to aid in your charisma
<QuerySet [<blogPlusTags: 7 body language tips to aid in your charisma - top Blogs of Month>, <blogPlusTags: 7 stupid purchases rich people make. - top Blogs of Month>, <blogPlusTags: How to utilize your willpower effectively? - top Blogs of Month>]>
<QuerySet [<blogPlusTags: 7 body language tips to aid in your charisma - top Blogs of Month>, <blogPlusTags: 7 stupid purchases rich people make. - top Blogs of Month>, <blogPlusTags: How to utilize your willpower effectively? - top Blogs of Month>]>
<QuerySet []>
5 signs that indicates you are going to be a rich person.
<QuerySet [<blogPlusTags: 7 body language tips to aid in your charisma - top Blogs of Month>, <blogPlusTags: 7 stupid purchases rich people make. - top Blogs of Month>, <blogPlusTags: How to utilize your willpower effectively? - top Blogs of Month>]>
<QuerySet []>
How Japanese people are so fitter and thinner?
<QuerySet [<blogPlusTags: 7 body language tips to aid in your charisma - top Blogs of Month>, <blogPlusTags: 7 stupid purchases rich people make. - top Blogs of Month>, <blogPlusTags: How to utilize your willpower effectively? - top Blogs of Month>]>
Not Found: /media/
<QuerySet [<blogPlusTags: 7 body language tips to aid in your charisma - top Blogs of Month>, <blogPlusTags: 7 stupid purchases rich people make. - top Blogs of Month>, <blogPlusTags: How to utilize your willpower effectively? - top Blogs of Month>]>
Not Found: /media/
Not Found: /media/
Not Found: /media/
<QuerySet [<blogPlusTags: 7 body language tips to aid in your charisma - top Blogs of Month>, <blogPlusTags: 7 stupid purchases rich people make. - top Blogs of Month>, <blogPlusTags: How to utilize your willpower effectively? - top Blogs of Month>]>
<QuerySet [<blogPlusTags: 7 body language tips to aid in your charisma - top Blogs of Month>, <blogPlusTags: 7 stupid purchases rich people make. - top Blogs of Month>, <blogPlusTags: How to utilize your willpower effectively? - top Blogs of Month>]>
<QuerySet [<blogPlusTags: 7 body language tips to aid in your charisma - top Blogs of Month>, <blogPlusTags: 7 stupid purchases rich people make. - top Blogs of Month>, <blogPlusTags: How to utilize your willpower effectively? - top Blogs of Month>]>
Not Found: /media/
Not Found: /media/
<QuerySet [<blogPlusTags: 7 body language tips to aid in your charisma - top Blogs of Month>, <blogPlusTags: 7 stupid purchases rich people make. - top Blogs of Month>, <blogPlusTags: How to utilize your willpower effectively? - top Blogs of Month>]>
<QuerySet [<blogPlusTags: 7 body language tips to aid in your charisma - top Blogs of Month>, <blogPlusTags: 7 stupid purchases rich people make. - top Blogs of Month>, <blogPlusTags: How to utilize your willpower effectively? - top Blogs of Month>]>
Not Found: /media/
<QuerySet [<blogPlusTags: 7 body language tips to aid in your charisma - top Blogs of Month>, <blogPlusTags: 7 stupid purchases rich people make. - top Blogs of Month>, <blogPlusTags: How to utilize your willpower effectively? - top Blogs of Month>]>
Not Found: /media/
Not Found: /media/
Not Found: /robots.txt
Not Found: /media/
Not Found: /.well-known/pki-validation/851B61FE03F86AC4F532909E34D1B434.txt
Not Found: /.well-known/pki-validation/851B61FE03F86AC4F532909E34D1B434.txt
Not Found: /robots.txt
<QuerySet [<blogPlusTags: 7 body language tips to aid in your charisma - top Blogs of Month>, <blogPlusTags: 7 stupid purchases rich people make. - top Blogs of Month>, <blogPlusTags: How to utilize your willpower effectively? - top Blogs of Month>]>
Not Found: /media/
Not Found: /favicon.ico
Not Found: /author.html
Not Found: /media/
<QuerySet []>
5 behavoirol myths socities have normalised
<QuerySet [<blogPlusTags: 7 body language tips to aid in your charisma - top Blogs of Month>, <blogPlusTags: 7 stupid purchases rich people make. - top Blogs of Month>, <blogPlusTags: How to utilize your willpower effectively? - top Blogs of Month>]>
<QuerySet []>
How to be productive at home?
<QuerySet [<comments: hii>]>
5 simple ways to form any new habit
<QuerySet [<blogPlusTags: 7 body language tips to aid in your charisma - top Blogs of Month>, <blogPlusTags: 7 stupid purchases rich people make. - top Blogs of Month>, <blogPlusTags: How to utilize your willpower effectively? - top Blogs of Month>]>
<QuerySet [<blogPlusTags: 7 body language tips to aid in your charisma - top Blogs of Month>, <blogPlusTags: 7 stupid purchases rich people make. - top Blogs of Month>, <blogPlusTags: How to utilize your willpower effectively? - top Blogs of Month>]>
<QuerySet [<blogPlusTags: 7 body language tips to aid in your charisma - top Blogs of Month>, <blogPlusTags: 7 stupid purchases rich people make. - top Blogs of Month>, <blogPlusTags: How to utilize your willpower effectively? - top Blogs of Month>]>
<QuerySet [<blogPlusTags: 7 body language tips to aid in your charisma - top Blogs of Month>, <blogPlusTags: 7 stupid purchases rich people make. - top Blogs of Month>, <blogPlusTags: How to utilize your willpower effectively? - top Blogs of Month>]>
<QuerySet [<blogPlusTags: 7 body language tips to aid in your charisma - top Blogs of Month>, <blogPlusTags: 7 stupid purchases rich people make. - top Blogs of Month>, <blogPlusTags: How to utilize your willpower effectively? - top Blogs of Month>]>
<QuerySet [<blogPlusTags: 7 body language tips to aid in your charisma - top Blogs of Month>, <blogPlusTags: 7 stupid purchases rich people make. - top Blogs of Month>, <blogPlusTags: How to utilize your willpower effectively? - top Blogs of Month>]>
<QuerySet [<blogPlusTags: 7 body language tips to aid in your charisma - top Blogs of Month>, <blogPlusTags: 7 stupid purchases rich people make. - top Blogs of Month>, <blogPlusTags: How to utilize your willpower effectively? - top Blogs of Month>]>
<QuerySet [<blogPlusTags: 7 body language tips to aid in your charisma - top Blogs of Month>, <blogPlusTags: 7 stupid purchases rich people make. - top Blogs of Month>, <blogPlusTags: How to utilize your willpower effectively? - top Blogs of Month>]>
<QuerySet [<blogPlusTags: 7 body language tips to aid in your charisma - top Blogs of Month>, <blogPlusTags: 7 stupid purchases rich people make. - top Blogs of Month>, <blogPlusTags: How to utilize your willpower effectively? - top Blogs of Month>]>
<QuerySet []>
How Japanese people are so fitter and thinner?
<QuerySet []>
Why people meditate- life-changing benefits
<QuerySet []>
5 signs that indicates you are going to be a rich person.
<QuerySet []>
7 stupid purchases rich people make.
<QuerySet []>
7 body language tips to aid in your charisma
Not Found: /media/
Not Found: /media/
Not Found: /favicon.ico
<QuerySet [<blogPlusTags: 7 body language tips to aid in your charisma - top Blogs of Month>, <blogPlusTags: 7 stupid purchases rich people make. - top Blogs of Month>, <blogPlusTags: How to utilize your willpower effectively? - top Blogs of Month>]>
<QuerySet [<blogPlusTags: 7 body language tips to aid in your charisma - top Blogs of Month>, <blogPlusTags: 7 stupid purchases rich people make. - top Blogs of Month>, <blogPlusTags: How to utilize your willpower effectively? - top Blogs of Month>]>
<QuerySet [<blogPlusTags: 7 body language tips to aid in your charisma - top Blogs of Month>, <blogPlusTags: 7 stupid purchases rich people make. - top Blogs of Month>, <blogPlusTags: How to utilize your willpower effectively? - top Blogs of Month>]>
Not Found: /media/
Not Found: /favicon.ico
<QuerySet [<blogPlusTags: 7 body language tips to aid in your charisma - top Blogs of Month>, <blogPlusTags: 7 stupid purchases rich people make. - top Blogs of Month>, <blogPlusTags: How to utilize your willpower effectively? - top Blogs of Month>]>
Not Found: /media/
Not Found: /media/
Not Found: /static/static/ckeditor/ckeditor.js
<QuerySet [<blogPlusTags: 7 body language tips to aid in your charisma - top Blogs of Month>, <blogPlusTags: 7 stupid purchases rich people make. - top Blogs of Month>, <blogPlusTags: How to utilize your willpower effectively? - top Blogs of Month>]>
<QuerySet [<blogPlusTags: 7 body language tips to aid in your charisma - top Blogs of Month>, <blogPlusTags: 7 stupid purchases rich people make. - top Blogs of Month>, <blogPlusTags: How to utilize your willpower effectively? - top Blogs of Month>]>
<QuerySet [<comments: test comment>, <comments: test comment 2>]>
Signs that indicates you are wasting your life
Not Found: /media/
Not Found: /author.html
<QuerySet [<blogPlusTags: 7 body language tips to aid in your charisma - top Blogs of Month>, <blogPlusTags: 7 stupid purchases rich people make. - top Blogs of Month>, <blogPlusTags: How to utilize your willpower effectively? - top Blogs of Month>]>
<QuerySet [<blogPlusTags: 7 body language tips to aid in your charisma - top Blogs of Month>, <blogPlusTags: 7 stupid purchases rich people make. - top Blogs of Month>, <blogPlusTags: How to utilize your willpower effectively? - top Blogs of Month>]>
Not Found: /media/
<QuerySet [<blogPlusTags: 7 body language tips to aid in your charisma - top Blogs of Month>, <blogPlusTags: 7 stupid purchases rich people make. - top Blogs of Month>, <blogPlusTags: How to utilize your willpower effectively? - top Blogs of Month>]>
Not Found: /media/
<QuerySet [<blogPlusTags: 7 body language tips to aid in your charisma - top Blogs of Month>, <blogPlusTags: 7 stupid purchases rich people make. - top Blogs of Month>, <blogPlusTags: How to utilize your willpower effectively? - top Blogs of Month>]>
Not Found: /media/
<QuerySet [<blogPlusTags: 7 body language tips to aid in your charisma - top Blogs of Month>, <blogPlusTags: 7 stupid purchases rich people make. - top Blogs of Month>, <blogPlusTags: How to utilize your willpower effectively? - top Blogs of Month>]>
Not Found: /media/
<QuerySet [<blogPlusTags: 7 body language tips to aid in your charisma - top Blogs of Month>, <blogPlusTags: 7 stupid purchases rich people make. - top Blogs of Month>, <blogPlusTags: How to utilize your willpower effectively? - top Blogs of Month>]>
Not Found: /robots.txt
Not Found: /media/
Not Found: /media/
<QuerySet [<blogPlusTags: 7 body language tips to aid in your charisma - top Blogs of Month>, <blogPlusTags: 7 stupid purchases rich people make. - top Blogs of Month>, <blogPlusTags: How to utilize your willpower effectively? - top Blogs of Month>]>
<QuerySet [<blogPlusTags: 7 body language tips to aid in your charisma - top Blogs of Month>, <blogPlusTags: 7 stupid purchases rich people make. - top Blogs of Month>, <blogPlusTags: How to utilize your willpower effectively? - top Blogs of Month>]>
Not Found: /media/
<QuerySet [<blogPlusTags: 7 body language tips to aid in your charisma - top Blogs of Month>, <blogPlusTags: 7 stupid purchases rich people make. - top Blogs of Month>, <blogPlusTags: How to utilize your willpower effectively? - top Blogs of Month>]>
<QuerySet [<blogPlusTags: 7 body language tips to aid in your charisma - top Blogs of Month>, <blogPlusTags: 7 stupid purchases rich people make. - top Blogs of Month>, <blogPlusTags: How to utilize your willpower effectively? - top Blogs of Month>]>
<QuerySet [<blogPlusTags: 7 body language tips to aid in your charisma - top Blogs of Month>, <blogPlusTags: 7 stupid purchases rich people make. - top Blogs of Month>, <blogPlusTags: How to utilize your willpower effectively? - top Blogs of Month>]>
<QuerySet [<blogPlusTags: 7 body language tips to aid in your charisma - top Blogs of Month>, <blogPlusTags: 7 stupid purchases rich people make. - top Blogs of Month>, <blogPlusTags: How to utilize your willpower effectively? - top Blogs of Month>]>
Not Found: /media/
<QuerySet [<blogPlusTags: 7 body language tips to aid in your charisma - top Blogs of Month>, <blogPlusTags: 7 stupid purchases rich people make. - top Blogs of Month>, <blogPlusTags: How to utilize your willpower effectively? - top Blogs of Month>]>
Not Found: /media/
Not Found: /media/
Not Found: /favicon.ico
Not Found: /robots.txt
Not Found: /robots.txt
Not Found: /media/
Not Found: /favicon.ico
Not Found: /media/
<QuerySet [<blogPlusTags: 7 body language tips to aid in your charisma - top Blogs of Month>, <blogPlusTags: 7 stupid purchases rich people make. - top Blogs of Month>, <blogPlusTags: How to utilize your willpower effectively? - top Blogs of Month>]>
<QuerySet [<blogPlusTags: 7 body language tips to aid in your charisma - top Blogs of Month>, <blogPlusTags: 7 stupid purchases rich people make. - top Blogs of Month>, <blogPlusTags: How to utilize your willpower effectively? - top Blogs of Month>]>
<QuerySet [<blogPlusTags: 7 body language tips to aid in your charisma - top Blogs of Month>, <blogPlusTags: 7 stupid purchases rich people make. - top Blogs of Month>, <blogPlusTags: How to utilize your willpower effectively? - top Blogs of Month>]>
<QuerySet [<blogPlusTags: 7 body language tips to aid in your charisma - top Blogs of Month>, <blogPlusTags: 7 stupid purchases rich people make. - top Blogs of Month>, <blogPlusTags: How to utilize your willpower effectively? - top Blogs of Month>]>
<QuerySet [<blogPlusTags: 7 body language tips to aid in your charisma - top Blogs of Month>, <blogPlusTags: 7 stupid purchases rich people make. - top Blogs of Month>, <blogPlusTags: How to utilize your willpower effectively? - top Blogs of Month>]>
Not Found: /media/
/home/mindpvcp/blog/blogcodecs/views.py:42: UnorderedObjectListWarning: Pagination may yield inconsistent results with an unordered object_list: <class 'blogcodecs.models.blogs'> QuerySet.
  paginator = Paginator(blog,9)
Not Found: /static/static/ckeditor/ckeditor.js
<QuerySet [<blogPlusTags: 7 body language tips to aid in your charisma - top Blogs of Month>, <blogPlusTags: 7 stupid purchases rich people make. - top Blogs of Month>, <blogPlusTags: How to utilize your willpower effectively? - top Blogs of Month>]>
<QuerySet []>
5 behavoirol myths socities have normalised
Not Found: /media/
Not Found: /media/
<QuerySet [<blogPlusTags: 7 body language tips to aid in your charisma - top Blogs of Month>, <blogPlusTags: 7 stupid purchases rich people make. - top Blogs of Month>, <blogPlusTags: How to utilize your willpower effectively? - top Blogs of Month>]>
<QuerySet [<blogPlusTags: 7 body language tips to aid in your charisma - top Blogs of Month>, <blogPlusTags: 7 stupid purchases rich people make. - top Blogs of Month>, <blogPlusTags: How to utilize your willpower effectively? - top Blogs of Month>]>
<QuerySet [<blogPlusTags: 7 body language tips to aid in your charisma - top Blogs of Month>, <blogPlusTags: 7 stupid purchases rich people make. - top Blogs of Month>, <blogPlusTags: How to utilize your willpower effectively? - top Blogs of Month>]>
Not Found: /media/
Not Found: /favicon.ico
<QuerySet [<blogPlusTags: 7 body language tips to aid in your charisma - top Blogs of Month>, <blogPlusTags: 7 stupid purchases rich people make. - top Blogs of Month>, <blogPlusTags: How to utilize your willpower effectively? - top Blogs of Month>]>
<QuerySet [<blogPlusTags: 7 body language tips to aid in your charisma - top Blogs of Month>, <blogPlusTags: 7 stupid purchases rich people make. - top Blogs of Month>, <blogPlusTags: How to utilize your willpower effectively? - top Blogs of Month>]>
Not Found: /media/
Not Found: /favicon.ico
Not Found: /media/
Not Found: /favicon.ico
Not Found: /static/js/bootstrap.min.js.map
Not Found: /media/
Not Found: /static/static/ckeditor/ckeditor.js
Not Found: /media/
/home/mindpvcp/blog/blogcodecs/views.py:42: UnorderedObjectListWarning: Pagination may yield inconsistent results with an unordered object_list: <class 'blogcodecs.models.blogs'> QuerySet.
  paginator = Paginator(blog,9)
Not Found: /media/
<QuerySet [<blogPlusTags: 7 body language tips to aid in your charisma - top Blogs of Month>, <blogPlusTags: 7 stupid purchases rich people make. - top Blogs of Month>, <blogPlusTags: How to utilize your willpower effectively? - top Blogs of Month>]>
<QuerySet [<blogPlusTags: 7 body language tips to aid in your charisma - top Blogs of Month>, <blogPlusTags: 7 stupid purchases rich people make. - top Blogs of Month>, <blogPlusTags: How to utilize your willpower effectively? - top Blogs of Month>]>
<QuerySet [<blogPlusTags: 7 body language tips to aid in your charisma - top Blogs of Month>, <blogPlusTags: 7 stupid purchases rich people make. - top Blogs of Month>, <blogPlusTags: How to utilize your willpower effectively? - top Blogs of Month>]>
<QuerySet []>
5 behavoirol myths socities have normalised
<QuerySet [<blogPlusTags: 7 body language tips to aid in your charisma - top Blogs of Month>, <blogPlusTags: 7 stupid purchases rich people make. - top Blogs of Month>, <blogPlusTags: How to utilize your willpower effectively? - top Blogs of Month>]>
Not Found: /favicon.ico
Not Found: /media/
<QuerySet [<blogPlusTags: 7 body language tips to aid in your charisma - top Blogs of Month>, <blogPlusTags: 7 stupid purchases rich people make. - top Blogs of Month>, <blogPlusTags: How to utilize your willpower effectively? - top Blogs of Month>]>
Not Found: /favicon.ico
Not Found: /favicon.ico
Not Found: /favicon.ico
Not Found: /favicon.ico
Not Found: /favicon.ico
Not Found: /favicon.ico
<QuerySet [<blogPlusTags: 7 body language tips to aid in your charisma - top Blogs of Month>, <blogPlusTags: 7 stupid purchases rich people make. - top Blogs of Month>, <blogPlusTags: How to utilize your willpower effectively? - top Blogs of Month>]>
<QuerySet [<blogPlusTags: 7 body language tips to aid in your charisma - top Blogs of Month>, <blogPlusTags: 7 stupid purchases rich people make. - top Blogs of Month>, <blogPlusTags: How to utilize your willpower effectively? - top Blogs of Month>]>
<QuerySet [<blogPlusTags: 7 body language tips to aid in your charisma - top Blogs of Month>, <blogPlusTags: 7 stupid purchases rich people make. - top Blogs of Month>, <blogPlusTags: How to utilize your willpower effectively? - top Blogs of Month>]>
<QuerySet [<blogPlusTags: 7 body language tips to aid in your charisma - top Blogs of Month>, <blogPlusTags: 7 stupid purchases rich people make. - top Blogs of Month>, <blogPlusTags: How to utilize your willpower effectively? - top Blogs of Month>]>
Not Found: /media/
Not Found: /favicon.ico
Not Found: /robots.txt
Not Found: /static/static/ckeditor/ckeditor.js
<QuerySet []>
How to utilize your willpower effectively?
<QuerySet []>
How to utilize your willpower effectively?
<QuerySet []>
How to utilize your willpower effectively?
<QuerySet []>
How to utilize your willpower effectively?
<QuerySet []>
How to utilize your willpower effectively?
Not Found: /favicon.ico
<QuerySet [<blogPlusTags: 7 body language tips to aid in your charisma - top Blogs of Month>, <blogPlusTags: 7 stupid purchases rich people make. - top Blogs of Month>, <blogPlusTags: How to utilize your willpower effectively? - top Blogs of Month>]>
Not Found: /robots.txt
Not Found: /media/
Not Found: /media/
Not Found: /robots.txt
Not Found: /media/
Not Found: /media/
<QuerySet [<blogPlusTags: 7 body language tips to aid in your charisma - top Blogs of Month>, <blogPlusTags: 7 stupid purchases rich people make. - top Blogs of Month>, <blogPlusTags: How to utilize your willpower effectively? - top Blogs of Month>]>
<QuerySet [<blogPlusTags: 7 body language tips to aid in your charisma - top Blogs of Month>, <blogPlusTags: 7 stupid purchases rich people make. - top Blogs of Month>, <blogPlusTags: How to utilize your willpower effectively? - top Blogs of Month>]>
<QuerySet [<blogPlusTags: 7 body language tips to aid in your charisma - top Blogs of Month>, <blogPlusTags: 7 stupid purchases rich people make. - top Blogs of Month>, <blogPlusTags: How to utilize your willpower effectively? - top Blogs of Month>]>
Not Found: /author.html
Not Found: /static/static/ckeditor/ckeditor.js
Not Found: /static/static/ckeditor/ckeditor.js
Not Found: /static/static/ckeditor/ckeditor.js
Not Found: /static/static/ckeditor/ckeditor.js
Not Found: /static/static/ckeditor/ckeditor.js
Not Found: /static/static/ckeditor/ckeditor.js
Not Found: /static/static/ckeditor/ckeditor.js
Not Found: /static/static/ckeditor/ckeditor.js
Not Found: /static/static/ckeditor/ckeditor.js
Not Found: /media/
<QuerySet []>
How to utilize your willpower effectively?
<QuerySet [<blogPlusTags: 7 body language tips to aid in your charisma - top Blogs of Month>, <blogPlusTags: 7 stupid purchases rich people make. - top Blogs of Month>, <blogPlusTags: How to utilize your willpower effectively? - top Blogs of Month>]>
/home/mindpvcp/blog/blogcodecs/views.py:42: UnorderedObjectListWarning: Pagination may yield inconsistent results with an unordered object_list: <class 'blogcodecs.models.blogs'> QuerySet.
  paginator = Paginator(blog,9)
Not Found: /static/static/ckeditor/ckeditor.js
Not Found: /static/static/ckeditor/ckeditor.js
<QuerySet []>
5 behavoirol myths socities have normalised
<QuerySet []>
How to be productive at home?
<QuerySet [<comments: hii>]>
5 simple ways to form any new habit
<QuerySet []>
How Japanese people are so fitter and thinner?
<QuerySet []>
Why people meditate- life-changing benefits
<QuerySet []>
5 signs that indicates you are going to be a rich person.
<QuerySet []>
7 stupid purchases rich people make.
<QuerySet []>
7 body language tips to aid in your charisma
<QuerySet [<comments: test comment>, <comments: test comment 2>]>
Signs that indicates you are wasting your life
<QuerySet []>
How to utilize your willpower effectively?
<QuerySet []>
How to utilize your willpower effectively?
<QuerySet []>
How to be productive at home?
<QuerySet []>
How to be productive at home?
<QuerySet []>
How to be productive at home?
<QuerySet []>
How to be productive at home?
<QuerySet []>
How to be productive at home?
/home/mindpvcp/blog/blogcodecs/views.py:42: UnorderedObjectListWarning: Pagination may yield inconsistent results with an unordered object_list: <class 'blogcodecs.models.blogs'> QuerySet.
  paginator = Paginator(blog,9)
Not Found: /author.html
Not Found: /static/static/ckeditor/ckeditor.js
Not Found: /static/static/ckeditor/ckeditor.js
Not Found: /static/static/ckeditor/ckeditor.js
Not Found: /static/static/ckeditor/ckeditor.js
Not Found: /static/static/ckeditor/ckeditor.js
Not Found: /static/static/ckeditor/ckeditor.js
Not Found: /static/static/ckeditor/ckeditor.js
Not Found: /static/static/ckeditor/ckeditor.js
Not Found: /static/static/ckeditor/ckeditor.js
Not Found: /static/static/ckeditor/ckeditor.js
Not Found: /blog/category/3
Not Found: /blog/dislike/11
Internal Server Error: /blog/index.html
Traceback (most recent call last):
  File "/home/mindpvcp/virtualenv/blog/3.7/lib/python3.7/site-packages/django/db/models/fields/__init__.py", line 1823, in get_prep_value
    return int(value)
ValueError: invalid literal for int() with base 10: 'index.html'

The above exception was the direct cause of the following exception:

Traceback (most recent call last):
  File "/home/mindpvcp/virtualenv/blog/3.7/lib/python3.7/site-packages/django/core/handlers/exception.py", line 47, in inner
    response = get_response(request)
  File "/home/mindpvcp/virtualenv/blog/3.7/lib/python3.7/site-packages/django/core/handlers/base.py", line 181, in _get_response
    response = wrapped_callback(request, *callback_args, **callback_kwargs)
  File "/home/mindpvcp/blog/blogcodecs/views.py", line 53, in blogView
    blogObject = blogs.objects.get(id=id)
  File "/home/mindpvcp/virtualenv/blog/3.7/lib/python3.7/site-packages/django/db/models/manager.py", line 85, in manager_method
    return getattr(self.get_queryset(), name)(*args, **kwargs)
  File "/home/mindpvcp/virtualenv/blog/3.7/lib/python3.7/site-packages/django/db/models/query.py", line 424, in get
    clone = self._chain() if self.query.combinator else self.filter(*args, **kwargs)
  File "/home/mindpvcp/virtualenv/blog/3.7/lib/python3.7/site-packages/django/db/models/query.py", line 941, in filter
    return self._filter_or_exclude(False, args, kwargs)
  File "/home/mindpvcp/virtualenv/blog/3.7/lib/python3.7/site-packages/django/db/models/query.py", line 961, in _filter_or_exclude
    clone._filter_or_exclude_inplace(negate, args, kwargs)
  File "/home/mindpvcp/virtualenv/blog/3.7/lib/python3.7/site-packages/django/db/models/query.py", line 968, in _filter_or_exclude_inplace
    self._query.add_q(Q(*args, **kwargs))
  File "/home/mindpvcp/virtualenv/blog/3.7/lib/python3.7/site-packages/django/db/models/sql/query.py", line 1391, in add_q
    clause, _ = self._add_q(q_object, self.used_aliases)
  File "/home/mindpvcp/virtualenv/blog/3.7/lib/python3.7/site-packages/django/db/models/sql/query.py", line 1413, in _add_q
    split_subq=split_subq, check_filterable=check_filterable,
  File "/home/mindpvcp/virtualenv/blog/3.7/lib/python3.7/site-packages/django/db/models/sql/query.py", line 1345, in build_filter
    condition = self.build_lookup(lookups, col, value)
  File "/home/mindpvcp/virtualenv/blog/3.7/lib/python3.7/site-packages/django/db/models/sql/query.py", line 1191, in build_lookup
    lookup = lookup_class(lhs, rhs)
  File "/home/mindpvcp/virtualenv/blog/3.7/lib/python3.7/site-packages/django/db/models/lookups.py", line 25, in __init__
    self.rhs = self.get_prep_lookup()
  File "/home/mindpvcp/virtualenv/blog/3.7/lib/python3.7/site-packages/django/db/models/lookups.py", line 77, in get_prep_lookup
    return self.lhs.output_field.get_prep_value(self.rhs)
  File "/home/mindpvcp/virtualenv/blog/3.7/lib/python3.7/site-packages/django/db/models/fields/__init__.py", line 1827, in get_prep_value
    ) from e
ValueError: Field 'id' expected a number but got 'index.html'.
Not Found: /blog/category/1
Not Found: /blog/dislike/12
Not Found: /blog/dislike/14
Not Found: /blog/dislike/2
Not Found: /blog/dislike/3
Not Found: /blog/dislike/5
Not Found: /blog/dislike/6
Not Found: /blog/dislike/7
Not Found: /blog/dislike/8
Not Found: /blog/dislike/9
Internal Server Error: /category/index.html
Traceback (most recent call last):
  File "/home/mindpvcp/virtualenv/blog/3.7/lib/python3.7/site-packages/django/core/handlers/exception.py", line 47, in inner
    response = get_response(request)
  File "/home/mindpvcp/virtualenv/blog/3.7/lib/python3.7/site-packages/django/core/handlers/base.py", line 181, in _get_response
    response = wrapped_callback(request, *callback_args, **callback_kwargs)
  File "/home/mindpvcp/blog/blogcodecs/views.py", line 40, in categoryView
    categor = category.objects.get(name=id)
  File "/home/mindpvcp/virtualenv/blog/3.7/lib/python3.7/site-packages/django/db/models/manager.py", line 85, in manager_method
    return getattr(self.get_queryset(), name)(*args, **kwargs)
  File "/home/mindpvcp/virtualenv/blog/3.7/lib/python3.7/site-packages/django/db/models/query.py", line 437, in get
    self.model._meta.object_name
blogcodecs.models.category.DoesNotExist: category matching query does not exist.
Internal Server Error: /category/author.html
Traceback (most recent call last):
  File "/home/mindpvcp/virtualenv/blog/3.7/lib/python3.7/site-packages/django/core/handlers/exception.py", line 47, in inner
    response = get_response(request)
  File "/home/mindpvcp/virtualenv/blog/3.7/lib/python3.7/site-packages/django/core/handlers/base.py", line 181, in _get_response
    response = wrapped_callback(request, *callback_args, **callback_kwargs)
  File "/home/mindpvcp/blog/blogcodecs/views.py", line 40, in categoryView
    categor = category.objects.get(name=id)
  File "/home/mindpvcp/virtualenv/blog/3.7/lib/python3.7/site-packages/django/db/models/manager.py", line 85, in manager_method
    return getattr(self.get_queryset(), name)(*args, **kwargs)
  File "/home/mindpvcp/virtualenv/blog/3.7/lib/python3.7/site-packages/django/db/models/query.py", line 437, in get
    self.model._meta.object_name
blogcodecs.models.category.DoesNotExist: category matching query does not exist.
Not Found: /static/static/ckeditor/ckeditor.js
Not Found: /blog/category/3
Not Found: /blog/dislike/11
Internal Server Error: /blog/index.html
Traceback (most recent call last):
  File "/home/mindpvcp/virtualenv/blog/3.7/lib/python3.7/site-packages/django/db/models/fields/__init__.py", line 1823, in get_prep_value
    return int(value)
ValueError: invalid literal for int() with base 10: 'index.html'

The above exception was the direct cause of the following exception:

Traceback (most recent call last):
  File "/home/mindpvcp/virtualenv/blog/3.7/lib/python3.7/site-packages/django/core/handlers/exception.py", line 47, in inner
    response = get_response(request)
  File "/home/mindpvcp/virtualenv/blog/3.7/lib/python3.7/site-packages/django/core/handlers/base.py", line 181, in _get_response
    response = wrapped_callback(request, *callback_args, **callback_kwargs)
  File "/home/mindpvcp/blog/blogcodecs/views.py", line 53, in blogView
    blogObject = blogs.objects.get(id=id)
  File "/home/mindpvcp/virtualenv/blog/3.7/lib/python3.7/site-packages/django/db/models/manager.py", line 85, in manager_method
    return getattr(self.get_queryset(), name)(*args, **kwargs)
  File "/home/mindpvcp/virtualenv/blog/3.7/lib/python3.7/site-packages/django/db/models/query.py", line 424, in get
    clone = self._chain() if self.query.combinator else self.filter(*args, **kwargs)
  File "/home/mindpvcp/virtualenv/blog/3.7/lib/python3.7/site-packages/django/db/models/query.py", line 941, in filter
    return self._filter_or_exclude(False, args, kwargs)
  File "/home/mindpvcp/virtualenv/blog/3.7/lib/python3.7/site-packages/django/db/models/query.py", line 961, in _filter_or_exclude
    clone._filter_or_exclude_inplace(negate, args, kwargs)
  File "/home/mindpvcp/virtualenv/blog/3.7/lib/python3.7/site-packages/django/db/models/query.py", line 968, in _filter_or_exclude_inplace
    self._query.add_q(Q(*args, **kwargs))
  File "/home/mindpvcp/virtualenv/blog/3.7/lib/python3.7/site-packages/django/db/models/sql/query.py", line 1391, in add_q
    clause, _ = self._add_q(q_object, self.used_aliases)
  File "/home/mindpvcp/virtualenv/blog/3.7/lib/python3.7/site-packages/django/db/models/sql/query.py", line 1413, in _add_q
    split_subq=split_subq, check_filterable=check_filterable,
  File "/home/mindpvcp/virtualenv/blog/3.7/lib/python3.7/site-packages/django/db/models/sql/query.py", line 1345, in build_filter
    condition = self.build_lookup(lookups, col, value)
  File "/home/mindpvcp/virtualenv/blog/3.7/lib/python3.7/site-packages/django/db/models/sql/query.py", line 1191, in build_lookup
    lookup = lookup_class(lhs, rhs)
  File "/home/mindpvcp/virtualenv/blog/3.7/lib/python3.7/site-packages/django/db/models/lookups.py", line 25, in __init__
    self.rhs = self.get_prep_lookup()
  File "/home/mindpvcp/virtualenv/blog/3.7/lib/python3.7/site-packages/django/db/models/lookups.py", line 77, in get_prep_lookup
    return self.lhs.output_field.get_prep_value(self.rhs)
  File "/home/mindpvcp/virtualenv/blog/3.7/lib/python3.7/site-packages/django/db/models/fields/__init__.py", line 1827, in get_prep_value
    ) from e
ValueError: Field 'id' expected a number but got 'index.html'.
Not Found: /blog/category/1
Not Found: /blog/dislike/12
Not Found: /blog/dislike/14
Not Found: /blog/dislike/2
Not Found: /blog/dislike/3
Not Found: /blog/dislike/5
Not Found: /blog/dislike/6
Not Found: /blog/dislike/7
Not Found: /blog/dislike/8
Not Found: /blog/dislike/9
Internal Server Error: /category/index.html
Traceback (most recent call last):
  File "/home/mindpvcp/virtualenv/blog/3.7/lib/python3.7/site-packages/django/core/handlers/exception.py", line 47, in inner
    response = get_response(request)
  File "/home/mindpvcp/virtualenv/blog/3.7/lib/python3.7/site-packages/django/core/handlers/base.py", line 181, in _get_response
    response = wrapped_callback(request, *callback_args, **callback_kwargs)
  File "/home/mindpvcp/blog/blogcodecs/views.py", line 40, in categoryView
    categor = category.objects.get(name=id)
  File "/home/mindpvcp/virtualenv/blog/3.7/lib/python3.7/site-packages/django/db/models/manager.py", line 85, in manager_method
    return getattr(self.get_queryset(), name)(*args, **kwargs)
  File "/home/mindpvcp/virtualenv/blog/3.7/lib/python3.7/site-packages/django/db/models/query.py", line 437, in get
    self.model._meta.object_name
blogcodecs.models.category.DoesNotExist: category matching query does not exist.
Internal Server Error: /category/author.html
Traceback (most recent call last):
  File "/home/mindpvcp/virtualenv/blog/3.7/lib/python3.7/site-packages/django/core/handlers/exception.py", line 47, in inner
    response = get_response(request)
  File "/home/mindpvcp/virtualenv/blog/3.7/lib/python3.7/site-packages/django/core/handlers/base.py", line 181, in _get_response
    response = wrapped_callback(request, *callback_args, **callback_kwargs)
  File "/home/mindpvcp/blog/blogcodecs/views.py", line 40, in categoryView
    categor = category.objects.get(name=id)
  File "/home/mindpvcp/virtualenv/blog/3.7/lib/python3.7/site-packages/django/db/models/manager.py", line 85, in manager_method
    return getattr(self.get_queryset(), name)(*args, **kwargs)
  File "/home/mindpvcp/virtualenv/blog/3.7/lib/python3.7/site-packages/django/db/models/query.py", line 437, in get
    self.model._meta.object_name
blogcodecs.models.category.DoesNotExist: category matching query does not exist.
Not Found: /static/static/ckeditor/ckeditor.js
Internal Server Error: /blog/index.html
Traceback (most recent call last):
  File "/home/mindpvcp/virtualenv/blog/3.7/lib/python3.7/site-packages/django/db/models/fields/__init__.py", line 1823, in get_prep_value
    return int(value)
ValueError: invalid literal for int() with base 10: 'index.html'

The above exception was the direct cause of the following exception:

Traceback (most recent call last):
  File "/home/mindpvcp/virtualenv/blog/3.7/lib/python3.7/site-packages/django/core/handlers/exception.py", line 47, in inner
    response = get_response(request)
  File "/home/mindpvcp/virtualenv/blog/3.7/lib/python3.7/site-packages/django/core/handlers/base.py", line 181, in _get_response
    response = wrapped_callback(request, *callback_args, **callback_kwargs)
  File "/home/mindpvcp/blog/blogcodecs/views.py", line 53, in blogView
    blogObject = blogs.objects.get(id=id)
  File "/home/mindpvcp/virtualenv/blog/3.7/lib/python3.7/site-packages/django/db/models/manager.py", line 85, in manager_method
    return getattr(self.get_queryset(), name)(*args, **kwargs)
  File "/home/mindpvcp/virtualenv/blog/3.7/lib/python3.7/site-packages/django/db/models/query.py", line 424, in get
    clone = self._chain() if self.query.combinator else self.filter(*args, **kwargs)
  File "/home/mindpvcp/virtualenv/blog/3.7/lib/python3.7/site-packages/django/db/models/query.py", line 941, in filter
    return self._filter_or_exclude(False, args, kwargs)
  File "/home/mindpvcp/virtualenv/blog/3.7/lib/python3.7/site-packages/django/db/models/query.py", line 961, in _filter_or_exclude
    clone._filter_or_exclude_inplace(negate, args, kwargs)
  File "/home/mindpvcp/virtualenv/blog/3.7/lib/python3.7/site-packages/django/db/models/query.py", line 968, in _filter_or_exclude_inplace
    self._query.add_q(Q(*args, **kwargs))
  File "/home/mindpvcp/virtualenv/blog/3.7/lib/python3.7/site-packages/django/db/models/sql/query.py", line 1391, in add_q
    clause, _ = self._add_q(q_object, self.used_aliases)
  File "/home/mindpvcp/virtualenv/blog/3.7/lib/python3.7/site-packages/django/db/models/sql/query.py", line 1413, in _add_q
    split_subq=split_subq, check_filterable=check_filterable,
  File "/home/mindpvcp/virtualenv/blog/3.7/lib/python3.7/site-packages/django/db/models/sql/query.py", line 1345, in build_filter
    condition = self.build_lookup(lookups, col, value)
  File "/home/mindpvcp/virtualenv/blog/3.7/lib/python3.7/site-packages/django/db/models/sql/query.py", line 1191, in build_lookup
    lookup = lookup_class(lhs, rhs)
  File "/home/mindpvcp/virtualenv/blog/3.7/lib/python3.7/site-packages/django/db/models/lookups.py", line 25, in __init__
    self.rhs = self.get_prep_lookup()
  File "/home/mindpvcp/virtualenv/blog/3.7/lib/python3.7/site-packages/django/db/models/lookups.py", line 77, in get_prep_lookup
    return self.lhs.output_field.get_prep_value(self.rhs)
  File "/home/mindpvcp/virtualenv/blog/3.7/lib/python3.7/site-packages/django/db/models/fields/__init__.py", line 1827, in get_prep_value
    ) from e
ValueError: Field 'id' expected a number but got 'index.html'.
Not Found: /blog/dislike/10
Internal Server Error: /category/index.html
Traceback (most recent call last):
  File "/home/mindpvcp/virtualenv/blog/3.7/lib/python3.7/site-packages/django/core/handlers/exception.py", line 47, in inner
    response = get_response(request)
  File "/home/mindpvcp/virtualenv/blog/3.7/lib/python3.7/site-packages/django/core/handlers/base.py", line 181, in _get_response
    response = wrapped_callback(request, *callback_args, **callback_kwargs)
  File "/home/mindpvcp/blog/blogcodecs/views.py", line 40, in categoryView
    categor = category.objects.get(name=id)
  File "/home/mindpvcp/virtualenv/blog/3.7/lib/python3.7/site-packages/django/db/models/manager.py", line 85, in manager_method
    return getattr(self.get_queryset(), name)(*args, **kwargs)
  File "/home/mindpvcp/virtualenv/blog/3.7/lib/python3.7/site-packages/django/db/models/query.py", line 437, in get
    self.model._meta.object_name
blogcodecs.models.category.DoesNotExist: category matching query does not exist.
Internal Server Error: /category/author.html
Traceback (most recent call last):
  File "/home/mindpvcp/virtualenv/blog/3.7/lib/python3.7/site-packages/django/core/handlers/exception.py", line 47, in inner
    response = get_response(request)
  File "/home/mindpvcp/virtualenv/blog/3.7/lib/python3.7/site-packages/django/core/handlers/base.py", line 181, in _get_response
    response = wrapped_callback(request, *callback_args, **callback_kwargs)
  File "/home/mindpvcp/blog/blogcodecs/views.py", line 40, in categoryView
    categor = category.objects.get(name=id)
  File "/home/mindpvcp/virtualenv/blog/3.7/lib/python3.7/site-packages/django/db/models/manager.py", line 85, in manager_method
    return getattr(self.get_queryset(), name)(*args, **kwargs)
  File "/home/mindpvcp/virtualenv/blog/3.7/lib/python3.7/site-packages/django/db/models/query.py", line 437, in get
    self.model._meta.object_name
blogcodecs.models.category.DoesNotExist: category matching query does not exist.
Internal Server Error: /blog/index.html
Traceback (most recent call last):
  File "/home/mindpvcp/virtualenv/blog/3.7/lib/python3.7/site-packages/django/db/models/fields/__init__.py", line 1823, in get_prep_value
    return int(value)
ValueError: invalid literal for int() with base 10: 'index.html'

The above exception was the direct cause of the following exception:

Traceback (most recent call last):
  File "/home/mindpvcp/virtualenv/blog/3.7/lib/python3.7/site-packages/django/core/handlers/exception.py", line 47, in inner
    response = get_response(request)
  File "/home/mindpvcp/virtualenv/blog/3.7/lib/python3.7/site-packages/django/core/handlers/base.py", line 181, in _get_response
    response = wrapped_callback(request, *callback_args, **callback_kwargs)
  File "/home/mindpvcp/blog/blogcodecs/views.py", line 53, in blogView
    blogObject = blogs.objects.get(id=id)
  File "/home/mindpvcp/virtualenv/blog/3.7/lib/python3.7/site-packages/django/db/models/manager.py", line 85, in manager_method
    return getattr(self.get_queryset(), name)(*args, **kwargs)
  File "/home/mindpvcp/virtualenv/blog/3.7/lib/python3.7/site-packages/django/db/models/query.py", line 424, in get
    clone = self._chain() if self.query.combinator else self.filter(*args, **kwargs)
  File "/home/mindpvcp/virtualenv/blog/3.7/lib/python3.7/site-packages/django/db/models/query.py", line 941, in filter
    return self._filter_or_exclude(False, args, kwargs)
  File "/home/mindpvcp/virtualenv/blog/3.7/lib/python3.7/site-packages/django/db/models/query.py", line 961, in _filter_or_exclude
    clone._filter_or_exclude_inplace(negate, args, kwargs)
  File "/home/mindpvcp/virtualenv/blog/3.7/lib/python3.7/site-packages/django/db/models/query.py", line 968, in _filter_or_exclude_inplace
    self._query.add_q(Q(*args, **kwargs))
  File "/home/mindpvcp/virtualenv/blog/3.7/lib/python3.7/site-packages/django/db/models/sql/query.py", line 1391, in add_q
    clause, _ = self._add_q(q_object, self.used_aliases)
  File "/home/mindpvcp/virtualenv/blog/3.7/lib/python3.7/site-packages/django/db/models/sql/query.py", line 1413, in _add_q
    split_subq=split_subq, check_filterable=check_filterable,
  File "/home/mindpvcp/virtualenv/blog/3.7/lib/python3.7/site-packages/django/db/models/sql/query.py", line 1345, in build_filter
    condition = self.build_lookup(lookups, col, value)
  File "/home/mindpvcp/virtualenv/blog/3.7/lib/python3.7/site-packages/django/db/models/sql/query.py", line 1191, in build_lookup
    lookup = lookup_class(lhs, rhs)
  File "/home/mindpvcp/virtualenv/blog/3.7/lib/python3.7/site-packages/django/db/models/lookups.py", line 25, in __init__
    self.rhs = self.get_prep_lookup()
  File "/home/mindpvcp/virtualenv/blog/3.7/lib/python3.7/site-packages/django/db/models/lookups.py", line 77, in get_prep_lookup
    return self.lhs.output_field.get_prep_value(self.rhs)
  File "/home/mindpvcp/virtualenv/blog/3.7/lib/python3.7/site-packages/django/db/models/fields/__init__.py", line 1827, in get_prep_value
    ) from e
ValueError: Field 'id' expected a number but got 'index.html'.
Not Found: /blog/dislike/10
Internal Server Error: /category/index.html
Traceback (most recent call last):
  File "/home/mindpvcp/virtualenv/blog/3.7/lib/python3.7/site-packages/django/core/handlers/exception.py", line 47, in inner
    response = get_response(request)
  File "/home/mindpvcp/virtualenv/blog/3.7/lib/python3.7/site-packages/django/core/handlers/base.py", line 181, in _get_response
    response = wrapped_callback(request, *callback_args, **callback_kwargs)
  File "/home/mindpvcp/blog/blogcodecs/views.py", line 40, in categoryView
    categor = category.objects.get(name=id)
  File "/home/mindpvcp/virtualenv/blog/3.7/lib/python3.7/site-packages/django/db/models/manager.py", line 85, in manager_method
    return getattr(self.get_queryset(), name)(*args, **kwargs)
  File "/home/mindpvcp/virtualenv/blog/3.7/lib/python3.7/site-packages/django/db/models/query.py", line 437, in get
    self.model._meta.object_name
blogcodecs.models.category.DoesNotExist: category matching query does not exist.
Internal Server Error: /category/author.html
Traceback (most recent call last):
  File "/home/mindpvcp/virtualenv/blog/3.7/lib/python3.7/site-packages/django/core/handlers/exception.py", line 47, in inner
    response = get_response(request)
  File "/home/mindpvcp/virtualenv/blog/3.7/lib/python3.7/site-packages/django/core/handlers/base.py", line 181, in _get_response
    response = wrapped_callback(request, *callback_args, **callback_kwargs)
  File "/home/mindpvcp/blog/blogcodecs/views.py", line 40, in categoryView
    categor = category.objects.get(name=id)
  File "/home/mindpvcp/virtualenv/blog/3.7/lib/python3.7/site-packages/django/db/models/manager.py", line 85, in manager_method
    return getattr(self.get_queryset(), name)(*args, **kwargs)
  File "/home/mindpvcp/virtualenv/blog/3.7/lib/python3.7/site-packages/django/db/models/query.py", line 437, in get
    self.model._meta.object_name
blogcodecs.models.category.DoesNotExist: category matching query does not exist.
Internal Server Error: /blog/index.html
Traceback (most recent call last):
  File "/home/mindpvcp/virtualenv/blog/3.7/lib/python3.7/site-packages/django/db/models/fields/__init__.py", line 1823, in get_prep_value
    return int(value)
ValueError: invalid literal for int() with base 10: 'index.html'

The above exception was the direct cause of the following exception:

Traceback (most recent call last):
  File "/home/mindpvcp/virtualenv/blog/3.7/lib/python3.7/site-packages/django/core/handlers/exception.py", line 47, in inner
    response = get_response(request)
  File "/home/mindpvcp/virtualenv/blog/3.7/lib/python3.7/site-packages/django/core/handlers/base.py", line 181, in _get_response
    response = wrapped_callback(request, *callback_args, **callback_kwargs)
  File "/home/mindpvcp/blog/blogcodecs/views.py", line 53, in blogView
    blogObject = blogs.objects.get(id=id)
  File "/home/mindpvcp/virtualenv/blog/3.7/lib/python3.7/site-packages/django/db/models/manager.py", line 85, in manager_method
    return getattr(self.get_queryset(), name)(*args, **kwargs)
  File "/home/mindpvcp/virtualenv/blog/3.7/lib/python3.7/site-packages/django/db/models/query.py", line 424, in get
    clone = self._chain() if self.query.combinator else self.filter(*args, **kwargs)
  File "/home/mindpvcp/virtualenv/blog/3.7/lib/python3.7/site-packages/django/db/models/query.py", line 941, in filter
    return self._filter_or_exclude(False, args, kwargs)
  File "/home/mindpvcp/virtualenv/blog/3.7/lib/python3.7/site-packages/django/db/models/query.py", line 961, in _filter_or_exclude
    clone._filter_or_exclude_inplace(negate, args, kwargs)
  File "/home/mindpvcp/virtualenv/blog/3.7/lib/python3.7/site-packages/django/db/models/query.py", line 968, in _filter_or_exclude_inplace
    self._query.add_q(Q(*args, **kwargs))
  File "/home/mindpvcp/virtualenv/blog/3.7/lib/python3.7/site-packages/django/db/models/sql/query.py", line 1391, in add_q
    clause, _ = self._add_q(q_object, self.used_aliases)
  File "/home/mindpvcp/virtualenv/blog/3.7/lib/python3.7/site-packages/django/db/models/sql/query.py", line 1413, in _add_q
    split_subq=split_subq, check_filterable=check_filterable,
  File "/home/mindpvcp/virtualenv/blog/3.7/lib/python3.7/site-packages/django/db/models/sql/query.py", line 1345, in build_filter
    condition = self.build_lookup(lookups, col, value)
  File "/home/mindpvcp/virtualenv/blog/3.7/lib/python3.7/site-packages/django/db/models/sql/query.py", line 1191, in build_lookup
    lookup = lookup_class(lhs, rhs)
  File "/home/mindpvcp/virtualenv/blog/3.7/lib/python3.7/site-packages/django/db/models/lookups.py", line 25, in __init__
    self.rhs = self.get_prep_lookup()
  File "/home/mindpvcp/virtualenv/blog/3.7/lib/python3.7/site-packages/django/db/models/lookups.py", line 77, in get_prep_lookup
    return self.lhs.output_field.get_prep_value(self.rhs)
  File "/home/mindpvcp/virtualenv/blog/3.7/lib/python3.7/site-packages/django/db/models/fields/__init__.py", line 1827, in get_prep_value
    ) from e
ValueError: Field 'id' expected a number but got 'index.html'.
Internal Server Error: /category/index.html
Traceback (most recent call last):
  File "/home/mindpvcp/virtualenv/blog/3.7/lib/python3.7/site-packages/django/core/handlers/exception.py", line 47, in inner
    response = get_response(request)
  File "/home/mindpvcp/virtualenv/blog/3.7/lib/python3.7/site-packages/django/core/handlers/base.py", line 181, in _get_response
    response = wrapped_callback(request, *callback_args, **callback_kwargs)
  File "/home/mindpvcp/blog/blogcodecs/views.py", line 40, in categoryView
    categor = category.objects.get(name=id)
  File "/home/mindpvcp/virtualenv/blog/3.7/lib/python3.7/site-packages/django/db/models/manager.py", line 85, in manager_method
    return getattr(self.get_queryset(), name)(*args, **kwargs)
  File "/home/mindpvcp/virtualenv/blog/3.7/lib/python3.7/site-packages/django/db/models/query.py", line 437, in get
    self.model._meta.object_name
blogcodecs.models.category.DoesNotExist: category matching query does not exist.
Internal Server Error: /category/author.html
Traceback (most recent call last):
  File "/home/mindpvcp/virtualenv/blog/3.7/lib/python3.7/site-packages/django/core/handlers/exception.py", line 47, in inner
    response = get_response(request)
  File "/home/mindpvcp/virtualenv/blog/3.7/lib/python3.7/site-packages/django/core/handlers/base.py", line 181, in _get_response
    response = wrapped_callback(request, *callback_args, **callback_kwargs)
  File "/home/mindpvcp/blog/blogcodecs/views.py", line 40, in categoryView
    categor = category.objects.get(name=id)
  File "/home/mindpvcp/virtualenv/blog/3.7/lib/python3.7/site-packages/django/db/models/manager.py", line 85, in manager_method
    return getattr(self.get_queryset(), name)(*args, **kwargs)
  File "/home/mindpvcp/virtualenv/blog/3.7/lib/python3.7/site-packages/django/db/models/query.py", line 437, in get
    self.model._meta.object_name
blogcodecs.models.category.DoesNotExist: category matching query does not exist.
Internal Server Error: /blog/index.html
Traceback (most recent call last):
  File "/home/mindpvcp/virtualenv/blog/3.7/lib/python3.7/site-packages/django/db/models/fields/__init__.py", line 1823, in get_prep_value
    return int(value)
ValueError: invalid literal for int() with base 10: 'index.html'

The above exception was the direct cause of the following exception:

Traceback (most recent call last):
  File "/home/mindpvcp/virtualenv/blog/3.7/lib/python3.7/site-packages/django/core/handlers/exception.py", line 47, in inner
    response = get_response(request)
  File "/home/mindpvcp/virtualenv/blog/3.7/lib/python3.7/site-packages/django/core/handlers/base.py", line 181, in _get_response
    response = wrapped_callback(request, *callback_args, **callback_kwargs)
  File "/home/mindpvcp/blog/blogcodecs/views.py", line 53, in blogView
    blogObject = blogs.objects.get(id=id)
  File "/home/mindpvcp/virtualenv/blog/3.7/lib/python3.7/site-packages/django/db/models/manager.py", line 85, in manager_method
    return getattr(self.get_queryset(), name)(*args, **kwargs)
  File "/home/mindpvcp/virtualenv/blog/3.7/lib/python3.7/site-packages/django/db/models/query.py", line 424, in get
    clone = self._chain() if self.query.combinator else self.filter(*args, **kwargs)
  File "/home/mindpvcp/virtualenv/blog/3.7/lib/python3.7/site-packages/django/db/models/query.py", line 941, in filter
    return self._filter_or_exclude(False, args, kwargs)
  File "/home/mindpvcp/virtualenv/blog/3.7/lib/python3.7/site-packages/django/db/models/query.py", line 961, in _filter_or_exclude
    clone._filter_or_exclude_inplace(negate, args, kwargs)
  File "/home/mindpvcp/virtualenv/blog/3.7/lib/python3.7/site-packages/django/db/models/query.py", line 968, in _filter_or_exclude_inplace
    self._query.add_q(Q(*args, **kwargs))
  File "/home/mindpvcp/virtualenv/blog/3.7/lib/python3.7/site-packages/django/db/models/sql/query.py", line 1391, in add_q
    clause, _ = self._add_q(q_object, self.used_aliases)
  File "/home/mindpvcp/virtualenv/blog/3.7/lib/python3.7/site-packages/django/db/models/sql/query.py", line 1413, in _add_q
    split_subq=split_subq, check_filterable=check_filterable,
  File "/home/mindpvcp/virtualenv/blog/3.7/lib/python3.7/site-packages/django/db/models/sql/query.py", line 1345, in build_filter
    condition = self.build_lookup(lookups, col, value)
  File "/home/mindpvcp/virtualenv/blog/3.7/lib/python3.7/site-packages/django/db/models/sql/query.py", line 1191, in build_lookup
    lookup = lookup_class(lhs, rhs)
  File "/home/mindpvcp/virtualenv/blog/3.7/lib/python3.7/site-packages/django/db/models/lookups.py", line 25, in __init__
    self.rhs = self.get_prep_lookup()
  File "/home/mindpvcp/virtualenv/blog/3.7/lib/python3.7/site-packages/django/db/models/lookups.py", line 77, in get_prep_lookup
    return self.lhs.output_field.get_prep_value(self.rhs)
  File "/home/mindpvcp/virtualenv/blog/3.7/lib/python3.7/site-packages/django/db/models/fields/__init__.py", line 1827, in get_prep_value
    ) from e
ValueError: Field 'id' expected a number but got 'index.html'.
Internal Server Error: /category/index.html
Traceback (most recent call last):
  File "/home/mindpvcp/virtualenv/blog/3.7/lib/python3.7/site-packages/django/core/handlers/exception.py", line 47, in inner
    response = get_response(request)
  File "/home/mindpvcp/virtualenv/blog/3.7/lib/python3.7/site-packages/django/core/handlers/base.py", line 181, in _get_response
    response = wrapped_callback(request, *callback_args, **callback_kwargs)
  File "/home/mindpvcp/blog/blogcodecs/views.py", line 40, in categoryView
    categor = category.objects.get(name=id)
  File "/home/mindpvcp/virtualenv/blog/3.7/lib/python3.7/site-packages/django/db/models/manager.py", line 85, in manager_method
    return getattr(self.get_queryset(), name)(*args, **kwargs)
  File "/home/mindpvcp/virtualenv/blog/3.7/lib/python3.7/site-packages/django/db/models/query.py", line 437, in get
    self.model._meta.object_name
blogcodecs.models.category.DoesNotExist: category matching query does not exist.
Internal Server Error: /category/author.html
Traceback (most recent call last):
  File "/home/mindpvcp/virtualenv/blog/3.7/lib/python3.7/site-packages/django/core/handlers/exception.py", line 47, in inner
    response = get_response(request)
  File "/home/mindpvcp/virtualenv/blog/3.7/lib/python3.7/site-packages/django/core/handlers/base.py", line 181, in _get_response
    response = wrapped_callback(request, *callback_args, **callback_kwargs)
  File "/home/mindpvcp/blog/blogcodecs/views.py", line 40, in categoryView
    categor = category.objects.get(name=id)
  File "/home/mindpvcp/virtualenv/blog/3.7/lib/python3.7/site-packages/django/db/models/manager.py", line 85, in manager_method
    return getattr(self.get_queryset(), name)(*args, **kwargs)
  File "/home/mindpvcp/virtualenv/blog/3.7/lib/python3.7/site-packages/django/db/models/query.py", line 437, in get
    self.model._meta.object_name
blogcodecs.models.category.DoesNotExist: category matching query does not exist.
Internal Server Error: /blog/index.html
Traceback (most recent call last):
  File "/home/mindpvcp/virtualenv/blog/3.7/lib/python3.7/site-packages/django/db/models/fields/__init__.py", line 1823, in get_prep_value
    return int(value)
ValueError: invalid literal for int() with base 10: 'index.html'

The above exception was the direct cause of the following exception:

Traceback (most recent call last):
  File "/home/mindpvcp/virtualenv/blog/3.7/lib/python3.7/site-packages/django/core/handlers/exception.py", line 47, in inner
    response = get_response(request)
  File "/home/mindpvcp/virtualenv/blog/3.7/lib/python3.7/site-packages/django/core/handlers/base.py", line 181, in _get_response
    response = wrapped_callback(request, *callback_args, **callback_kwargs)
  File "/home/mindpvcp/blog/blogcodecs/views.py", line 53, in blogView
    blogObject = blogs.objects.get(id=id)
  File "/home/mindpvcp/virtualenv/blog/3.7/lib/python3.7/site-packages/django/db/models/manager.py", line 85, in manager_method
    return getattr(self.get_queryset(), name)(*args, **kwargs)
  File "/home/mindpvcp/virtualenv/blog/3.7/lib/python3.7/site-packages/django/db/models/query.py", line 424, in get
    clone = self._chain() if self.query.combinator else self.filter(*args, **kwargs)
  File "/home/mindpvcp/virtualenv/blog/3.7/lib/python3.7/site-packages/django/db/models/query.py", line 941, in filter
    return self._filter_or_exclude(False, args, kwargs)
  File "/home/mindpvcp/virtualenv/blog/3.7/lib/python3.7/site-packages/django/db/models/query.py", line 961, in _filter_or_exclude
    clone._filter_or_exclude_inplace(negate, args, kwargs)
  File "/home/mindpvcp/virtualenv/blog/3.7/lib/python3.7/site-packages/django/db/models/query.py", line 968, in _filter_or_exclude_inplace
    self._query.add_q(Q(*args, **kwargs))
  File "/home/mindpvcp/virtualenv/blog/3.7/lib/python3.7/site-packages/django/db/models/sql/query.py", line 1391, in add_q
    clause, _ = self._add_q(q_object, self.used_aliases)
  File "/home/mindpvcp/virtualenv/blog/3.7/lib/python3.7/site-packages/django/db/models/sql/query.py", line 1413, in _add_q
    split_subq=split_subq, check_filterable=check_filterable,
  File "/home/mindpvcp/virtualenv/blog/3.7/lib/python3.7/site-packages/django/db/models/sql/query.py", line 1345, in build_filter
    condition = self.build_lookup(lookups, col, value)
  File "/home/mindpvcp/virtualenv/blog/3.7/lib/python3.7/site-packages/django/db/models/sql/query.py", line 1191, in build_lookup
    lookup = lookup_class(lhs, rhs)
  File "/home/mindpvcp/virtualenv/blog/3.7/lib/python3.7/site-packages/django/db/models/lookups.py", line 25, in __init__
    self.rhs = self.get_prep_lookup()
  File "/home/mindpvcp/virtualenv/blog/3.7/lib/python3.7/site-packages/django/db/models/lookups.py", line 77, in get_prep_lookup
    return self.lhs.output_field.get_prep_value(self.rhs)
  File "/home/mindpvcp/virtualenv/blog/3.7/lib/python3.7/site-packages/django/db/models/fields/__init__.py", line 1827, in get_prep_value
    ) from e
ValueError: Field 'id' expected a number but got 'index.html'.
Internal Server Error: /category/author.html
Traceback (most recent call last):
  File "/home/mindpvcp/virtualenv/blog/3.7/lib/python3.7/site-packages/django/core/handlers/exception.py", line 47, in inner
    response = get_response(request)
  File "/home/mindpvcp/virtualenv/blog/3.7/lib/python3.7/site-packages/django/core/handlers/base.py", line 181, in _get_response
    response = wrapped_callback(request, *callback_args, **callback_kwargs)
  File "/home/mindpvcp/blog/blogcodecs/views.py", line 40, in categoryView
    categor = category.objects.get(name=id)
  File "/home/mindpvcp/virtualenv/blog/3.7/lib/python3.7/site-packages/django/db/models/manager.py", line 85, in manager_method
    return getattr(self.get_queryset(), name)(*args, **kwargs)
  File "/home/mindpvcp/virtualenv/blog/3.7/lib/python3.7/site-packages/django/db/models/query.py", line 437, in get
    self.model._meta.object_name
blogcodecs.models.category.DoesNotExist: category matching query does not exist.
Internal Server Error: /category/index.html
Traceback (most recent call last):
  File "/home/mindpvcp/virtualenv/blog/3.7/lib/python3.7/site-packages/django/core/handlers/exception.py", line 47, in inner
    response = get_response(request)
  File "/home/mindpvcp/virtualenv/blog/3.7/lib/python3.7/site-packages/django/core/handlers/base.py", line 181, in _get_response
    response = wrapped_callback(request, *callback_args, **callback_kwargs)
  File "/home/mindpvcp/blog/blogcodecs/views.py", line 40, in categoryView
    categor = category.objects.get(name=id)
  File "/home/mindpvcp/virtualenv/blog/3.7/lib/python3.7/site-packages/django/db/models/manager.py", line 85, in manager_method
    return getattr(self.get_queryset(), name)(*args, **kwargs)
  File "/home/mindpvcp/virtualenv/blog/3.7/lib/python3.7/site-packages/django/db/models/query.py", line 437, in get
    self.model._meta.object_name
blogcodecs.models.category.DoesNotExist: category matching query does not exist.
Internal Server Error: /blog/index.html
Traceback (most recent call last):
  File "/home/mindpvcp/virtualenv/blog/3.7/lib/python3.7/site-packages/django/db/models/fields/__init__.py", line 1823, in get_prep_value
    return int(value)
ValueError: invalid literal for int() with base 10: 'index.html'

The above exception was the direct cause of the following exception:

Traceback (most recent call last):
  File "/home/mindpvcp/virtualenv/blog/3.7/lib/python3.7/site-packages/django/core/handlers/exception.py", line 47, in inner
    response = get_response(request)
  File "/home/mindpvcp/virtualenv/blog/3.7/lib/python3.7/site-packages/django/core/handlers/base.py", line 181, in _get_response
    response = wrapped_callback(request, *callback_args, **callback_kwargs)
  File "/home/mindpvcp/blog/blogcodecs/views.py", line 53, in blogView
    blogObject = blogs.objects.get(id=id)
  File "/home/mindpvcp/virtualenv/blog/3.7/lib/python3.7/site-packages/django/db/models/manager.py", line 85, in manager_method
    return getattr(self.get_queryset(), name)(*args, **kwargs)
  File "/home/mindpvcp/virtualenv/blog/3.7/lib/python3.7/site-packages/django/db/models/query.py", line 424, in get
    clone = self._chain() if self.query.combinator else self.filter(*args, **kwargs)
  File "/home/mindpvcp/virtualenv/blog/3.7/lib/python3.7/site-packages/django/db/models/query.py", line 941, in filter
    return self._filter_or_exclude(False, args, kwargs)
  File "/home/mindpvcp/virtualenv/blog/3.7/lib/python3.7/site-packages/django/db/models/query.py", line 961, in _filter_or_exclude
    clone._filter_or_exclude_inplace(negate, args, kwargs)
  File "/home/mindpvcp/virtualenv/blog/3.7/lib/python3.7/site-packages/django/db/models/query.py", line 968, in _filter_or_exclude_inplace
    self._query.add_q(Q(*args, **kwargs))
  File "/home/mindpvcp/virtualenv/blog/3.7/lib/python3.7/site-packages/django/db/models/sql/query.py", line 1391, in add_q
    clause, _ = self._add_q(q_object, self.used_aliases)
  File "/home/mindpvcp/virtualenv/blog/3.7/lib/python3.7/site-packages/django/db/models/sql/query.py", line 1413, in _add_q
    split_subq=split_subq, check_filterable=check_filterable,
  File "/home/mindpvcp/virtualenv/blog/3.7/lib/python3.7/site-packages/django/db/models/sql/query.py", line 1345, in build_filter
    condition = self.build_lookup(lookups, col, value)
  File "/home/mindpvcp/virtualenv/blog/3.7/lib/python3.7/site-packages/django/db/models/sql/query.py", line 1191, in build_lookup
    lookup = lookup_class(lhs, rhs)
  File "/home/mindpvcp/virtualenv/blog/3.7/lib/python3.7/site-packages/django/db/models/lookups.py", line 25, in __init__
    self.rhs = self.get_prep_lookup()
  File "/home/mindpvcp/virtualenv/blog/3.7/lib/python3.7/site-packages/django/db/models/lookups.py", line 77, in get_prep_lookup
    return self.lhs.output_field.get_prep_value(self.rhs)
  File "/home/mindpvcp/virtualenv/blog/3.7/lib/python3.7/site-packages/django/db/models/fields/__init__.py", line 1827, in get_prep_value
    ) from e
ValueError: Field 'id' expected a number but got 'index.html'.
Internal Server Error: /category/index.html
Traceback (most recent call last):
  File "/home/mindpvcp/virtualenv/blog/3.7/lib/python3.7/site-packages/django/core/handlers/exception.py", line 47, in inner
    response = get_response(request)
  File "/home/mindpvcp/virtualenv/blog/3.7/lib/python3.7/site-packages/django/core/handlers/base.py", line 181, in _get_response
    response = wrapped_callback(request, *callback_args, **callback_kwargs)
  File "/home/mindpvcp/blog/blogcodecs/views.py", line 40, in categoryView
    categor = category.objects.get(name=id)
  File "/home/mindpvcp/virtualenv/blog/3.7/lib/python3.7/site-packages/django/db/models/manager.py", line 85, in manager_method
    return getattr(self.get_queryset(), name)(*args, **kwargs)
  File "/home/mindpvcp/virtualenv/blog/3.7/lib/python3.7/site-packages/django/db/models/query.py", line 437, in get
    self.model._meta.object_name
blogcodecs.models.category.DoesNotExist: category matching query does not exist.
Internal Server Error: /category/author.html
Traceback (most recent call last):
  File "/home/mindpvcp/virtualenv/blog/3.7/lib/python3.7/site-packages/django/core/handlers/exception.py", line 47, in inner
    response = get_response(request)
  File "/home/mindpvcp/virtualenv/blog/3.7/lib/python3.7/site-packages/django/core/handlers/base.py", line 181, in _get_response
    response = wrapped_callback(request, *callback_args, **callback_kwargs)
  File "/home/mindpvcp/blog/blogcodecs/views.py", line 40, in categoryView
    categor = category.objects.get(name=id)
  File "/home/mindpvcp/virtualenv/blog/3.7/lib/python3.7/site-packages/django/db/models/manager.py", line 85, in manager_method
    return getattr(self.get_queryset(), name)(*args, **kwargs)
  File "/home/mindpvcp/virtualenv/blog/3.7/lib/python3.7/site-packages/django/db/models/query.py", line 437, in get
    self.model._meta.object_name
blogcodecs.models.category.DoesNotExist: category matching query does not exist.
Internal Server Error: /blog/index.html
Traceback (most recent call last):
  File "/home/mindpvcp/virtualenv/blog/3.7/lib/python3.7/site-packages/django/db/models/fields/__init__.py", line 1823, in get_prep_value
    return int(value)
ValueError: invalid literal for int() with base 10: 'index.html'

The above exception was the direct cause of the following exception:

Traceback (most recent call last):
  File "/home/mindpvcp/virtualenv/blog/3.7/lib/python3.7/site-packages/django/core/handlers/exception.py", line 47, in inner
    response = get_response(request)
  File "/home/mindpvcp/virtualenv/blog/3.7/lib/python3.7/site-packages/django/core/handlers/base.py", line 181, in _get_response
    response = wrapped_callback(request, *callback_args, **callback_kwargs)
  File "/home/mindpvcp/blog/blogcodecs/views.py", line 53, in blogView
    blogObject = blogs.objects.get(id=id)
  File "/home/mindpvcp/virtualenv/blog/3.7/lib/python3.7/site-packages/django/db/models/manager.py", line 85, in manager_method
    return getattr(self.get_queryset(), name)(*args, **kwargs)
  File "/home/mindpvcp/virtualenv/blog/3.7/lib/python3.7/site-packages/django/db/models/query.py", line 424, in get
    clone = self._chain() if self.query.combinator else self.filter(*args, **kwargs)
  File "/home/mindpvcp/virtualenv/blog/3.7/lib/python3.7/site-packages/django/db/models/query.py", line 941, in filter
    return self._filter_or_exclude(False, args, kwargs)
  File "/home/mindpvcp/virtualenv/blog/3.7/lib/python3.7/site-packages/django/db/models/query.py", line 961, in _filter_or_exclude
    clone._filter_or_exclude_inplace(negate, args, kwargs)
  File "/home/mindpvcp/virtualenv/blog/3.7/lib/python3.7/site-packages/django/db/models/query.py", line 968, in _filter_or_exclude_inplace
    self._query.add_q(Q(*args, **kwargs))
  File "/home/mindpvcp/virtualenv/blog/3.7/lib/python3.7/site-packages/django/db/models/sql/query.py", line 1391, in add_q
    clause, _ = self._add_q(q_object, self.used_aliases)
  File "/home/mindpvcp/virtualenv/blog/3.7/lib/python3.7/site-packages/django/db/models/sql/query.py", line 1413, in _add_q
    split_subq=split_subq, check_filterable=check_filterable,
  File "/home/mindpvcp/virtualenv/blog/3.7/lib/python3.7/site-packages/django/db/models/sql/query.py", line 1345, in build_filter
    condition = self.build_lookup(lookups, col, value)
  File "/home/mindpvcp/virtualenv/blog/3.7/lib/python3.7/site-packages/django/db/models/sql/query.py", line 1191, in build_lookup
    lookup = lookup_class(lhs, rhs)
  File "/home/mindpvcp/virtualenv/blog/3.7/lib/python3.7/site-packages/django/db/models/lookups.py", line 25, in __init__
    self.rhs = self.get_prep_lookup()
  File "/home/mindpvcp/virtualenv/blog/3.7/lib/python3.7/site-packages/django/db/models/lookups.py", line 77, in get_prep_lookup
    return self.lhs.output_field.get_prep_value(self.rhs)
  File "/home/mindpvcp/virtualenv/blog/3.7/lib/python3.7/site-packages/django/db/models/fields/__init__.py", line 1827, in get_prep_value
    ) from e
ValueError: Field 'id' expected a number but got 'index.html'.
Internal Server Error: /category/author.html
Traceback (most recent call last):
  File "/home/mindpvcp/virtualenv/blog/3.7/lib/python3.7/site-packages/django/core/handlers/exception.py", line 47, in inner
    response = get_response(request)
  File "/home/mindpvcp/virtualenv/blog/3.7/lib/python3.7/site-packages/django/core/handlers/base.py", line 181, in _get_response
    response = wrapped_callback(request, *callback_args, **callback_kwargs)
  File "/home/mindpvcp/blog/blogcodecs/views.py", line 40, in categoryView
    categor = category.objects.get(name=id)
  File "/home/mindpvcp/virtualenv/blog/3.7/lib/python3.7/site-packages/django/db/models/manager.py", line 85, in manager_method
    return getattr(self.get_queryset(), name)(*args, **kwargs)
  File "/home/mindpvcp/virtualenv/blog/3.7/lib/python3.7/site-packages/django/db/models/query.py", line 437, in get
    self.model._meta.object_name
blogcodecs.models.category.DoesNotExist: category matching query does not exist.
Internal Server Error: /blog/index.html
Traceback (most recent call last):
  File "/home/mindpvcp/virtualenv/blog/3.7/lib/python3.7/site-packages/django/db/models/fields/__init__.py", line 1823, in get_prep_value
    return int(value)
ValueError: invalid literal for int() with base 10: 'index.html'

The above exception was the direct cause of the following exception:

Traceback (most recent call last):
  File "/home/mindpvcp/virtualenv/blog/3.7/lib/python3.7/site-packages/django/core/handlers/exception.py", line 47, in inner
    response = get_response(request)
  File "/home/mindpvcp/virtualenv/blog/3.7/lib/python3.7/site-packages/django/core/handlers/base.py", line 181, in _get_response
    response = wrapped_callback(request, *callback_args, **callback_kwargs)
  File "/home/mindpvcp/blog/blogcodecs/views.py", line 53, in blogView
    blogObject = blogs.objects.get(id=id)
  File "/home/mindpvcp/virtualenv/blog/3.7/lib/python3.7/site-packages/django/db/models/manager.py", line 85, in manager_method
    return getattr(self.get_queryset(), name)(*args, **kwargs)
  File "/home/mindpvcp/virtualenv/blog/3.7/lib/python3.7/site-packages/django/db/models/query.py", line 424, in get
    clone = self._chain() if self.query.combinator else self.filter(*args, **kwargs)
  File "/home/mindpvcp/virtualenv/blog/3.7/lib/python3.7/site-packages/django/db/models/query.py", line 941, in filter
    return self._filter_or_exclude(False, args, kwargs)
  File "/home/mindpvcp/virtualenv/blog/3.7/lib/python3.7/site-packages/django/db/models/query.py", line 961, in _filter_or_exclude
    clone._filter_or_exclude_inplace(negate, args, kwargs)
  File "/home/mindpvcp/virtualenv/blog/3.7/lib/python3.7/site-packages/django/db/models/query.py", line 968, in _filter_or_exclude_inplace
    self._query.add_q(Q(*args, **kwargs))
  File "/home/mindpvcp/virtualenv/blog/3.7/lib/python3.7/site-packages/django/db/models/sql/query.py", line 1391, in add_q
    clause, _ = self._add_q(q_object, self.used_aliases)
  File "/home/mindpvcp/virtualenv/blog/3.7/lib/python3.7/site-packages/django/db/models/sql/query.py", line 1413, in _add_q
    split_subq=split_subq, check_filterable=check_filterable,
  File "/home/mindpvcp/virtualenv/blog/3.7/lib/python3.7/site-packages/django/db/models/sql/query.py", line 1345, in build_filter
    condition = self.build_lookup(lookups, col, value)
  File "/home/mindpvcp/virtualenv/blog/3.7/lib/python3.7/site-packages/django/db/models/sql/query.py", line 1191, in build_lookup
    lookup = lookup_class(lhs, rhs)
  File "/home/mindpvcp/virtualenv/blog/3.7/lib/python3.7/site-packages/django/db/models/lookups.py", line 25, in __init__
    self.rhs = self.get_prep_lookup()
  File "/home/mindpvcp/virtualenv/blog/3.7/lib/python3.7/site-packages/django/db/models/lookups.py", line 77, in get_prep_lookup
    return self.lhs.output_field.get_prep_value(self.rhs)
  File "/home/mindpvcp/virtualenv/blog/3.7/lib/python3.7/site-packages/django/db/models/fields/__init__.py", line 1827, in get_prep_value
    ) from e
ValueError: Field 'id' expected a number but got 'index.html'.
Internal Server Error: /category/index.html
Traceback (most recent call last):
  File "/home/mindpvcp/virtualenv/blog/3.7/lib/python3.7/site-packages/django/core/handlers/exception.py", line 47, in inner
    response = get_response(request)
  File "/home/mindpvcp/virtualenv/blog/3.7/lib/python3.7/site-packages/django/core/handlers/base.py", line 181, in _get_response
    response = wrapped_callback(request, *callback_args, **callback_kwargs)
  File "/home/mindpvcp/blog/blogcodecs/views.py", line 40, in categoryView
    categor = category.objects.get(name=id)
  File "/home/mindpvcp/virtualenv/blog/3.7/lib/python3.7/site-packages/django/db/models/manager.py", line 85, in manager_method
    return getattr(self.get_queryset(), name)(*args, **kwargs)
  File "/home/mindpvcp/virtualenv/blog/3.7/lib/python3.7/site-packages/django/db/models/query.py", line 437, in get
    self.model._meta.object_name
blogcodecs.models.category.DoesNotExist: category matching query does not exist.
Internal Server Error: /category/index.html
Traceback (most recent call last):
  File "/home/mindpvcp/virtualenv/blog/3.7/lib/python3.7/site-packages/django/core/handlers/exception.py", line 47, in inner
    response = get_response(request)
  File "/home/mindpvcp/virtualenv/blog/3.7/lib/python3.7/site-packages/django/core/handlers/base.py", line 181, in _get_response
    response = wrapped_callback(request, *callback_args, **callback_kwargs)
  File "/home/mindpvcp/blog/blogcodecs/views.py", line 40, in categoryView
    categor = category.objects.get(name=id)
  File "/home/mindpvcp/virtualenv/blog/3.7/lib/python3.7/site-packages/django/db/models/manager.py", line 85, in manager_method
    return getattr(self.get_queryset(), name)(*args, **kwargs)
  File "/home/mindpvcp/virtualenv/blog/3.7/lib/python3.7/site-packages/django/db/models/query.py", line 437, in get
    self.model._meta.object_name
blogcodecs.models.category.DoesNotExist: category matching query does not exist.
Internal Server Error: /category/author.html
Traceback (most recent call last):
  File "/home/mindpvcp/virtualenv/blog/3.7/lib/python3.7/site-packages/django/core/handlers/exception.py", line 47, in inner
    response = get_response(request)
  File "/home/mindpvcp/virtualenv/blog/3.7/lib/python3.7/site-packages/django/core/handlers/base.py", line 181, in _get_response
    response = wrapped_callback(request, *callback_args, **callback_kwargs)
  File "/home/mindpvcp/blog/blogcodecs/views.py", line 40, in categoryView
    categor = category.objects.get(name=id)
  File "/home/mindpvcp/virtualenv/blog/3.7/lib/python3.7/site-packages/django/db/models/manager.py", line 85, in manager_method
    return getattr(self.get_queryset(), name)(*args, **kwargs)
  File "/home/mindpvcp/virtualenv/blog/3.7/lib/python3.7/site-packages/django/db/models/query.py", line 437, in get
    self.model._meta.object_name
blogcodecs.models.category.DoesNotExist: category matching query does not exist.
<QuerySet []>
5 behavoirol myths socities have normalised
<QuerySet []>
How to be productive at home?
<QuerySet [<comments: hii>]>
5 simple ways to form any new habit
<QuerySet []>
How Japanese people are so fitter and thinner?
<QuerySet []>
Why people meditate- life-changing benefits
<QuerySet []>
5 signs that indicates you are going to be a rich person.
<QuerySet []>
7 stupid purchases rich people make.
<QuerySet []>
7 body language tips to aid in your charisma
<QuerySet [<comments: test comment>, <comments: test comment 2>]>
Signs that indicates you are wasting your life
<QuerySet []>
How to utilize your willpower effectively?
<QuerySet []>
How to make Everyone likes you(including yourself)
<QuerySet []>
How to make Everyone likes you(including yourself)
Not Found: /static/admin/css/base.css
Not Found: /static/admin/css/nav_sidebar.css
Not Found: /static/admin/css/login.css
Not Found: /static/admin/css/responsive.css
Not Found: /static/admin/js/nav_sidebar.js
Not Found: /static/admin/css/dashboard.css
Not Found: /static/admin/css/base.css
Not Found: /static/admin/css/responsive.css
Not Found: /static/admin/js/nav_sidebar.js
Not Found: /static/admin/css/nav_sidebar.css
Not Found: /static/admin/css/base.css
Not Found: /static/admin/css/nav_sidebar.css
Not Found: /static/admin/css/responsive.css
Not Found: /static/admin/css/dashboard.css
Not Found: /static/admin/js/nav_sidebar.js
Not Found: /media/
Not Found: /static/admin/css/nav_sidebar.css
Not Found: /static/admin/css/base.css
Not Found: /media/
Not Found: //admin
Not Found: /apple-touch-icon-precomposed.png
Not Found: /apple-touch-icon-precomposed.png
Not Found: /apple-touch-icon.png
Not Found: /apple-touch-icon.png
Not Found: /favicon.ico
Not Found: /apple-touch-icon-precomposed.png
Not Found: /apple-touch-icon.png
Not Found: /favicon.ico
Not Found: /apple-touch-icon-precomposed.png
Not Found: /apple-touch-icon.png
Not Found: /favicon.ico
Not Found: /apple-touch-icon-precomposed.png
Not Found: /apple-touch-icon.png
Not Found: /static/admin/css/base.css
Not Found: /static/admin/css/login.css
Not Found: /static/admin/css/responsive.css
Not Found: /static/admin/js/nav_sidebar.js
Not Found: /favicon.ico
Not Found: /static/admin/css/nav_sidebar.css
<QuerySet [<blogPlusTags: 7 body language tips to aid in your charisma - top Blogs of Month>, <blogPlusTags: 7 stupid purchases rich people make. - top Blogs of Month>, <blogPlusTags: How to utilize your willpower effectively? - top Blogs of Month>]>
<QuerySet [<blogPlusTags: 7 body language tips to aid in your charisma - top Blogs of Month>, <blogPlusTags: 7 stupid purchases rich people make. - top Blogs of Month>, <blogPlusTags: How to utilize your willpower effectively? - top Blogs of Month>]>
<QuerySet [<blogPlusTags: 7 body language tips to aid in your charisma - top Blogs of Month>, <blogPlusTags: 7 stupid purchases rich people make. - top Blogs of Month>, <blogPlusTags: How to utilize your willpower effectively? - top Blogs of Month>]>
Not Found: /admi
Not Found: /favicon.ico
Not Found: /static/admin/css/login.css
Not Found: /static/admin/css/nav_sidebar.css
Not Found: /static/admin/css/base.css
Not Found: /static/admin/css/responsive.css
Not Found: /static/admin/js/nav_sidebar.js
Not Found: /static/admin/css/login.css
Not Found: /static/admin/css/responsive.css
Not Found: /static/admin/css/nav_sidebar.css
Not Found: /static/admin/css/base.css
<QuerySet [<blogPlusTags: 7 body language tips to aid in your charisma - top Blogs of Month>, <blogPlusTags: 7 stupid purchases rich people make. - top Blogs of Month>, <blogPlusTags: How to utilize your willpower effectively? - top Blogs of Month>]>
<QuerySet [<blogPlusTags: 7 body language tips to aid in your charisma - top Blogs of Month>, <blogPlusTags: 7 stupid purchases rich people make. - top Blogs of Month>, <blogPlusTags: How to utilize your willpower effectively? - top Blogs of Month>]>
Not Found: /media/
Not Found: /favicon.ico
<QuerySet [<blogPlusTags: 7 body language tips to aid in your charisma - top Blogs of Month>, <blogPlusTags: 7 stupid purchases rich people make. - top Blogs of Month>, <blogPlusTags: How to utilize your willpower effectively? - top Blogs of Month>]>
<QuerySet [<blogPlusTags: 7 body language tips to aid in your charisma - top Blogs of Month>, <blogPlusTags: 7 stupid purchases rich people make. - top Blogs of Month>, <blogPlusTags: How to utilize your willpower effectively? - top Blogs of Month>]>
Not Found: /media/
<QuerySet [<blogPlusTags: 7 body language tips to aid in your charisma - top Blogs of Month>, <blogPlusTags: 7 stupid purchases rich people make. - top Blogs of Month>, <blogPlusTags: How to utilize your willpower effectively? - top Blogs of Month>]>
Not Found: /static/static/ckeditor/ckeditor.js
/home/mindpvcp/blog/blogcodecs/views.py:42: UnorderedObjectListWarning: Pagination may yield inconsistent results with an unordered object_list: <class 'blogcodecs.models.blogs'> QuerySet.
  paginator = Paginator(blog,9)
Not Found: /static/static/ckeditor/ckeditor.js
<QuerySet []>
How to be productive at home?
<QuerySet [<blogPlusTags: 7 body language tips to aid in your charisma - top Blogs of Month>, <blogPlusTags: 7 stupid purchases rich people make. - top Blogs of Month>, <blogPlusTags: How to utilize your willpower effectively? - top Blogs of Month>]>
<QuerySet [<comments: hii>]>
5 simple ways to form any new habit
<QuerySet [<blogPlusTags: 7 body language tips to aid in your charisma - top Blogs of Month>, <blogPlusTags: 7 stupid purchases rich people make. - top Blogs of Month>, <blogPlusTags: How to utilize your willpower effectively? - top Blogs of Month>]>
<QuerySet [<blogPlusTags: 7 body language tips to aid in your charisma - top Blogs of Month>, <blogPlusTags: 7 stupid purchases rich people make. - top Blogs of Month>, <blogPlusTags: How to utilize your willpower effectively? - top Blogs of Month>]>
<QuerySet [<blogPlusTags: 7 body language tips to aid in your charisma - top Blogs of Month>, <blogPlusTags: 7 stupid purchases rich people make. - top Blogs of Month>, <blogPlusTags: How to utilize your willpower effectively? - top Blogs of Month>]>
<QuerySet []>
5 behavoirol myths socities have normalised
<QuerySet [<comments: hii>]>
5 simple ways to form any new habit
<QuerySet [<comments: hii>]>
5 simple ways to form any new habit
/home/mindpvcp/blog/blogcodecs/views.py:42: UnorderedObjectListWarning: Pagination may yield inconsistent results with an unordered object_list: <class 'blogcodecs.models.blogs'> QuerySet.
  paginator = Paginator(blog,9)
<QuerySet [<blogPlusTags: 7 body language tips to aid in your charisma - top Blogs of Month>, <blogPlusTags: 7 stupid purchases rich people make. - top Blogs of Month>, <blogPlusTags: How to utilize your willpower effectively? - top Blogs of Month>]>
<QuerySet []>
5 behavoirol myths socities have normalised
<QuerySet [<comments: hii>]>
5 simple ways to form any new habit
<QuerySet [<comments: hii>]>
5 simple ways to form any new habit
<QuerySet [<blogPlusTags: 7 body language tips to aid in your charisma - top Blogs of Month>, <blogPlusTags: 7 stupid purchases rich people make. - top Blogs of Month>, <blogPlusTags: How to utilize your willpower effectively? - top Blogs of Month>]>
<QuerySet [<comments: hii>]>
5 simple ways to form any new habit
<QuerySet []>
5 behavoirol myths socities have normalised
<QuerySet [<comments: hii>]>
5 simple ways to form any new habit
Not Found: /static/static/ckeditor/ckeditor.js
/home/mindpvcp/blog/blogcodecs/views.py:42: UnorderedObjectListWarning: Pagination may yield inconsistent results with an unordered object_list: <class 'blogcodecs.models.blogs'> QuerySet.
  paginator = Paginator(blog,9)
Internal Server Error: /category/index.html
Traceback (most recent call last):
  File "/home/mindpvcp/virtualenv/blog/3.7/lib/python3.7/site-packages/django/core/handlers/exception.py", line 47, in inner
    response = get_response(request)
  File "/home/mindpvcp/virtualenv/blog/3.7/lib/python3.7/site-packages/django/core/handlers/base.py", line 181, in _get_response
    response = wrapped_callback(request, *callback_args, **callback_kwargs)
  File "/home/mindpvcp/blog/blogcodecs/views.py", line 40, in categoryView
    categor = category.objects.get(name=id)
  File "/home/mindpvcp/virtualenv/blog/3.7/lib/python3.7/site-packages/django/db/models/manager.py", line 85, in manager_method
    return getattr(self.get_queryset(), name)(*args, **kwargs)
  File "/home/mindpvcp/virtualenv/blog/3.7/lib/python3.7/site-packages/django/db/models/query.py", line 437, in get
    self.model._meta.object_name
blogcodecs.models.category.DoesNotExist: category matching query does not exist.
Not Found: /media/
OSError: LSAPI: File error
Not Found: /media/
Not Found: /static/static/ckeditor/ckeditor.js
/home/mindpvcp/blog/blogcodecs/views.py:42: UnorderedObjectListWarning: Pagination may yield inconsistent results with an unordered object_list: <class 'blogcodecs.models.blogs'> QuerySet.
  paginator = Paginator(blog,9)
Not Found: /media/
Not Found: /media/
Not Found: /favicon.ico
Not Found: /media/
Not Found: /media/
Not Found: /static/static/ckeditor/ckeditor.js
Not Found: /static/static/ckeditor/ckeditor.js
Not Found: /media/
Not Found: /static/static/ckeditor/ckeditor.js
Not Found: /static/static/ckeditor/ckeditor.js
Not Found: /static/static/ckeditor/ckeditor.js
Not Found: /static/static/ckeditor/ckeditor.js
Not Found: /media/
Not Found: /static/static/ckeditor/ckeditor.js
Not Found: /static/static/ckeditor/ckeditor.js
Not Found: /blog/dislike/14
Not Found: /static/static/ckeditor/ckeditor.js
Not Found: /static/static/ckeditor/ckeditor.js
Not Found: /static/static/ckeditor/ckeditor.js
Not Found: /static/static/ckeditor/ckeditor.js
Not Found: /static/static/ckeditor/ckeditor.js
Not Found: /static/static/ckeditor/ckeditor.js
Not Found: /static/static/ckeditor/ckeditor.js
Not Found: /static/static/ckeditor/ckeditor.js
Not Found: /static/static/ckeditor/ckeditor.js
Not Found: /static/static/ckeditor/ckeditor.js
Not Found: /static/static/ckeditor/ckeditor.js
Not Found: /static/static/ckeditor/ckeditor.js
Not Found: /static/static/ckeditor/ckeditor.js
Not Found: /static/static/ckeditor/ckeditor.js
<QuerySet []>
5 behavoirol myths socities have normalised
<QuerySet []>
5 behavoirol myths socities have normalised
<QuerySet [<blogPlusTags: 7 body language tips to aid in your charisma - top Blogs of Month>, <blogPlusTags: 7 stupid purchases rich people make. - top Blogs of Month>, <blogPlusTags: How to utilize your willpower effectively? - top Blogs of Month>]>
<QuerySet [<blogPlusTags: 7 body language tips to aid in your charisma - top Blogs of Month>, <blogPlusTags: 7 stupid purchases rich people make. - top Blogs of Month>, <blogPlusTags: How to utilize your willpower effectively? - top Blogs of Month>]>
<QuerySet [<blogPlusTags: 7 body language tips to aid in your charisma - top Blogs of Month>, <blogPlusTags: 7 stupid purchases rich people make. - top Blogs of Month>, <blogPlusTags: How to utilize your willpower effectively? - top Blogs of Month>]>
<QuerySet [<blogPlusTags: 7 body language tips to aid in your charisma - top Blogs of Month>, <blogPlusTags: 7 stupid purchases rich people make. - top Blogs of Month>, <blogPlusTags: How to utilize your willpower effectively? - top Blogs of Month>]>
<QuerySet [<comments: test comment>, <comments: test comment 2>]>
Signs that indicates you are wasting your life
<QuerySet [<blogPlusTags: 7 body language tips to aid in your charisma - top Blogs of Month>, <blogPlusTags: 7 stupid purchases rich people make. - top Blogs of Month>, <blogPlusTags: How to utilize your willpower effectively? - top Blogs of Month>]>
<QuerySet [<blogPlusTags: 7 body language tips to aid in your charisma - top Blogs of Month>, <blogPlusTags: 7 stupid purchases rich people make. - top Blogs of Month>, <blogPlusTags: How to utilize your willpower effectively? - top Blogs of Month>]>
<QuerySet []>
How Japanese people are so fitter and thinner?
<QuerySet []>
How Japanese people are so fitter and thinner?
<QuerySet []>
7 body language tips to aid in your charisma
<QuerySet [<blogPlusTags: 7 body language tips to aid in your charisma - top Blogs of Month>, <blogPlusTags: 7 stupid purchases rich people make. - top Blogs of Month>, <blogPlusTags: How to utilize your willpower effectively? - top Blogs of Month>]>
<QuerySet [<comments: test comment>, <comments: test comment 2>]>
Signs that indicates you are wasting your life
<QuerySet []>
Why people meditate- life-changing benefits
<QuerySet []>
5 signs that indicates you are going to be a rich person.
<QuerySet []>
5 signs that indicates you are going to be a rich person.
<QuerySet [<blogPlusTags: 7 body language tips to aid in your charisma - top Blogs of Month>, <blogPlusTags: 7 stupid purchases rich people make. - top Blogs of Month>, <blogPlusTags: How to utilize your willpower effectively? - top Blogs of Month>]>
<QuerySet []>
Why people meditate- life-changing benefits
<QuerySet [<comments: test comment>, <comments: test comment 2>]>
Signs that indicates you are wasting your life
<QuerySet [<comments: hii>]>
5 simple ways to form any new habit
<QuerySet []>
How to utilize your willpower effectively?
<QuerySet []>
7 body language tips to aid in your charisma
[{'user': 'admin', 'isLiked': True}]
alreadyLiked
[{'user': 'admin', 'isLiked': True}]
alreadyLiked
<QuerySet [<comments: hii>, <comments: byw>]>
5 simple ways to form any new habit
<QuerySet []>
How to utilize your willpower effectively?
Not Found: /static/static/ckeditor/ckeditor.js
Not Found: /static/static/ckeditor/ckeditor.js
<QuerySet [<comments: test comment>, <comments: test comment 2>]>
Signs that indicates you are wasting your life
<QuerySet [<blogPlusTags: 7 body language tips to aid in your charisma - top Blogs of Month>, <blogPlusTags: 7 stupid purchases rich people make. - top Blogs of Month>, <blogPlusTags: How to utilize your willpower effectively? - top Blogs of Month>]>
<QuerySet []>
5 behavoirol myths socities have normalised
<QuerySet [<comments: hii>, <comments: byw>]>
5 simple ways to form any new habit
<QuerySet []>
How to make Everyone likes you(including yourself)
Not Found: /static/static/ckeditor/ckeditor.js
Not Found: /static/static/ckeditor/ckeditor.js
Not Found: /static/static/ckeditor/ckeditor.js
<QuerySet [<blogPlusTags: 7 body language tips to aid in your charisma - top Blogs of Month>, <blogPlusTags: 7 stupid purchases rich people make. - top Blogs of Month>, <blogPlusTags: How to utilize your willpower effectively? - top Blogs of Month>]>
<QuerySet [<comments: hii>, <comments: byw>]>
5 simple ways to form any new habit
<QuerySet []>
5 behavoirol myths socities have normalised
<QuerySet []>
How to make Everyone likes you(including yourself)
<QuerySet [<comments: hii>, <comments: byw>]>
5 simple ways to form any new habit
<QuerySet []>
5 signs that indicates you are going to be a rich person.
<QuerySet [<comments: hii>, <comments: byw>]>
5 simple ways to form any new habit
<QuerySet []>
7 body language tips to aid in your charisma
<QuerySet []>
Why people meditate- life-changing benefits
<QuerySet [<comments: hii>, <comments: byw>]>
5 simple ways to form any new habit
<QuerySet []>
Why people meditate- life-changing benefits
<QuerySet [<comments: hii>, <comments: byw>]>
5 simple ways to form any new habit
<QuerySet [<comments: hii>, <comments: byw>]>
5 simple ways to form any new habit
<QuerySet []>
How to utilize your willpower effectively?
<QuerySet [<comments: hii>, <comments: byw>]>
5 simple ways to form any new habit
<QuerySet [<comments: hii>, <comments: byw>]>
5 simple ways to form any new habit
<QuerySet []>
7 stupid purchases rich people make.
<QuerySet [<comments: test comment>, <comments: test comment 2>]>
Signs that indicates you are wasting your life
<QuerySet []>
7 stupid purchases rich people make.
<QuerySet [<comments: hii>, <comments: byw>]>
5 simple ways to form any new habit
Not Found: /static/static/ckeditor/ckeditor.js
Not Found: /static/static/ckeditor/ckeditor.js
Not Found: /static/static/ckeditor/ckeditor.js
Not Found: /static/static/ckeditor/ckeditor.js
Not Found: /static/static/ckeditor/ckeditor.js
Not Found: /static/static/ckeditor/ckeditor.js
Not Found: /static/static/ckeditor/ckeditor.js
Not Found: /static/static/ckeditor/ckeditor.js
Not Found: /static/static/ckeditor/ckeditor.js
Not Found: /static/static/ckeditor/ckeditor.js
<QuerySet [<comments: hii>, <comments: byw>]>
5 simple ways to form any new habit
<QuerySet [<comments: hii>, <comments: byw>]>
5 simple ways to form any new habit
<QuerySet []>
7 body language tips to aid in your charisma
<QuerySet []>
How Japanese people are so fitter and thinner?
<QuerySet [<comments: hii>, <comments: byw>]>
5 simple ways to form any new habit
<QuerySet [<comments: hii>, <comments: byw>, <comments: Developing good habits will definitely lead you to success. If you have some bad habits and want to quit, replacing them with good habits will surely help more than you realize breaking free from bad habits.>]>
5 simple ways to form any new habit
<QuerySet []>
How Japanese people are so fitter and thinner?
<QuerySet [<comments: hii>, <comments: byw>, <comments: Developing good habits will definitely lead you to success. If you have some bad habits and want to quit, replacing them with good habits will surely help more than you realize breaking free from bad habits.>]>
5 simple ways to form any new habit
<QuerySet [<comments: hii>, <comments: byw>, <comments: Developing good habits will definitely lead you to success. If you have some bad habits and want to quit, replacing them with good habits will surely help more than you realize breaking free from bad habits.>]>
5 simple ways to form any new habit
<QuerySet []>
5 signs that indicates you are going to be a rich person.
<QuerySet [<comments: hii>, <comments: byw>, <comments: Developing good habits will definitely lead you to success. If you have some bad habits and want to quit, replacing them with good habits will surely help more than you realize breaking free from bad habits.>]>
5 simple ways to form any new habit
<QuerySet [<comments: hii>, <comments: byw>, <comments: Developing good habits will definitely lead you to success. If you have some bad habits and want to quit, replacing them with good habits will surely help more than you realize breaking free from bad habits.>]>
5 simple ways to form any new habit
<QuerySet []>
How to utilize your willpower effectively?
<QuerySet [<comments: hii>, <comments: byw>, <comments: Developing good habits will definitely lead you to success. If you have some bad habits and want to quit, replacing them with good habits will surely help more than you realize breaking free from bad habits.>]>
5 simple ways to form any new habit
<QuerySet [<comments: hii>, <comments: byw>, <comments: Developing good habits will definitely lead you to success. If you have some bad habits and want to quit, replacing them with good habits will surely help more than you realize breaking free from bad habits.>]>
5 simple ways to form any new habit
<QuerySet [<comments: test comment>, <comments: test comment 2>]>
Signs that indicates you are wasting your life
<QuerySet [<comments: hii>, <comments: byw>, <comments: Developing good habits will definitely lead you to success. If you have some bad habits and want to quit, replacing them with good habits will surely help more than you realize breaking free from bad habits.>, <comments: On the other hand, successful people understand that it is on those difficult days that you must force yourself to remain with your new habit. It will appear much simpler on a good day if you can accomplish it on a bad day, then good days will be much easier.>]>
5 simple ways to form any new habit
<QuerySet [<comments: hii>, <comments: byw>, <comments: Developing good habits will definitely lead you to success. If you have some bad habits and want to quit, replacing them with good habits will surely help more than you realize breaking free from bad habits.>, <comments: On the other hand, successful people understand that it is on those difficult days that you must force yourself to remain with your new habit. It will appear much simpler on a good day if you can accomplish it on a bad day, then good days will be much easier.>]>
5 simple ways to form any new habit
<QuerySet []>
5 behavoirol myths socities have normalised
<QuerySet [<comments: hii>, <comments: byw>, <comments: Developing good habits will definitely lead you to success. If you have some bad habits and want to quit, replacing them with good habits will surely help more than you realize breaking free from bad habits.>, <comments: On the other hand, successful people understand that it is on those difficult days that you must force yourself to remain with your new habit. It will appear much simpler on a good day if you can accomplish it on a bad day, then good days will be much easier.>]>
5 simple ways to form any new habit
<QuerySet [<comments: hii>, <comments: byw>, <comments: Developing good habits will definitely lead you to success. If you have some bad habits and want to quit, replacing them with good habits will surely help more than you realize breaking free from bad habits.>, <comments: On the other hand, successful people understand that it is on those difficult days that you must force yourself to remain with your new habit. It will appear much simpler on a good day if you can accomplish it on a bad day, then good days will be much easier.>]>
5 simple ways to form any new habit
<QuerySet []>
5 behavoirol myths socities have normalised
<QuerySet []>
How to make Everyone likes you(including yourself)
<QuerySet []>
How to make Everyone likes you(including yourself)
Not Found: /media/
Not Found: /media/
<QuerySet [<blogPlusTags: 7 body language tips to aid in your charisma - top Blogs of Month>, <blogPlusTags: 7 stupid purchases rich people make. - top Blogs of Month>, <blogPlusTags: How to utilize your willpower effectively? - top Blogs of Month>]>
<QuerySet [<blogPlusTags: 7 body language tips to aid in your charisma - top Blogs of Month>, <blogPlusTags: 7 stupid purchases rich people make. - top Blogs of Month>, <blogPlusTags: How to utilize your willpower effectively? - top Blogs of Month>]>
Not Found: /favicon.ico
Not Found: /favicon.ico
Not Found: /favicon.ico
Not Found: /favicon.ico
<QuerySet [<blogPlusTags: 7 body language tips to aid in your charisma - top Blogs of Month>, <blogPlusTags: 7 stupid purchases rich people make. - top Blogs of Month>, <blogPlusTags: How to utilize your willpower effectively? - top Blogs of Month>]>
Not Found: /favicon.ico
Not Found: /favicon.ico
Not Found: /favicon.ico
<QuerySet [<blogPlusTags: 7 body language tips to aid in your charisma - top Blogs of Month>, <blogPlusTags: 7 stupid purchases rich people make. - top Blogs of Month>, <blogPlusTags: How to utilize your willpower effectively? - top Blogs of Month>]>
<QuerySet [<blogPlusTags: 7 body language tips to aid in your charisma - top Blogs of Month>, <blogPlusTags: 7 stupid purchases rich people make. - top Blogs of Month>, <blogPlusTags: How to utilize your willpower effectively? - top Blogs of Month>]>
<QuerySet [<blogPlusTags: 7 body language tips to aid in your charisma - top Blogs of Month>, <blogPlusTags: 7 stupid purchases rich people make. - top Blogs of Month>, <blogPlusTags: How to utilize your willpower effectively? - top Blogs of Month>]>
Not Found: /media/
<QuerySet [<blogPlusTags: 7 body language tips to aid in your charisma - top Blogs of Month>, <blogPlusTags: 7 stupid purchases rich people make. - top Blogs of Month>, <blogPlusTags: How to utilize your willpower effectively? - top Blogs of Month>]>
<QuerySet [<blogPlusTags: 7 body language tips to aid in your charisma - top Blogs of Month>, <blogPlusTags: 7 stupid purchases rich people make. - top Blogs of Month>, <blogPlusTags: How to utilize your willpower effectively? - top Blogs of Month>]>
<QuerySet [<blogPlusTags: 7 body language tips to aid in your charisma - top Blogs of Month>, <blogPlusTags: 7 stupid purchases rich people make. - top Blogs of Month>, <blogPlusTags: How to utilize your willpower effectively? - top Blogs of Month>]>
Not Found: /robots.txt
<QuerySet [<blogPlusTags: 7 body language tips to aid in your charisma - top Blogs of Month>, <blogPlusTags: 7 stupid purchases rich people make. - top Blogs of Month>, <blogPlusTags: How to utilize your willpower effectively? - top Blogs of Month>]>
<QuerySet []>
Why people meditate- life-changing benefits
<QuerySet []>
How to be productive at home?
<QuerySet [<blogPlusTags: 7 body language tips to aid in your charisma - top Blogs of Month>, <blogPlusTags: 7 stupid purchases rich people make. - top Blogs of Month>, <blogPlusTags: How to utilize your willpower effectively? - top Blogs of Month>]>
<QuerySet [<blogPlusTags: 7 body language tips to aid in your charisma - top Blogs of Month>, <blogPlusTags: 7 stupid purchases rich people make. - top Blogs of Month>, <blogPlusTags: How to utilize your willpower effectively? - top Blogs of Month>]>
<QuerySet [<blogPlusTags: 7 body language tips to aid in your charisma - top Blogs of Month>, <blogPlusTags: 7 stupid purchases rich people make. - top Blogs of Month>, <blogPlusTags: How to utilize your willpower effectively? - top Blogs of Month>]>
<QuerySet [<blogPlusTags: 7 body language tips to aid in your charisma - top Blogs of Month>, <blogPlusTags: 7 stupid purchases rich people make. - top Blogs of Month>, <blogPlusTags: How to utilize your willpower effectively? - top Blogs of Month>]>
<QuerySet [<blogPlusTags: 7 body language tips to aid in your charisma - top Blogs of Month>, <blogPlusTags: 7 stupid purchases rich people make. - top Blogs of Month>, <blogPlusTags: How to utilize your willpower effectively? - top Blogs of Month>]>
Not Found: /static/static/ckeditor/ckeditor.js
Not Found: /favicon.ico
<QuerySet []>
5 behavoirol myths socities have normalised
<QuerySet [<blogPlusTags: 7 body language tips to aid in your charisma - top Blogs of Month>, <blogPlusTags: 7 stupid purchases rich people make. - top Blogs of Month>, <blogPlusTags: How to utilize your willpower effectively? - top Blogs of Month>]>
<QuerySet [<blogPlusTags: 7 body language tips to aid in your charisma - top Blogs of Month>, <blogPlusTags: 7 stupid purchases rich people make. - top Blogs of Month>, <blogPlusTags: How to utilize your willpower effectively? - top Blogs of Month>]>
Not Found: /media/
Not Found: /favicon.ico
Not Found: /static/static/ckeditor/ckeditor.js
<QuerySet [<blogPlusTags: 7 body language tips to aid in your charisma - top Blogs of Month>, <blogPlusTags: 7 stupid purchases rich people make. - top Blogs of Month>, <blogPlusTags: How to utilize your willpower effectively? - top Blogs of Month>]>
<QuerySet [<comments: hii>, <comments: byw>, <comments: Developing good habits will definitely lead you to success. If you have some bad habits and want to quit, replacing them with good habits will surely help more than you realize breaking free from bad habits.>, <comments: On the other hand, successful people understand that it is on those difficult days that you must force yourself to remain with your new habit. It will appear much simpler on a good day if you can accomplish it on a bad day, then good days will be much easier.>]>
5 simple ways to form any new habit
Not Found: /media/
/home/mindpvcp/blog/blogcodecs/views.py:42: UnorderedObjectListWarning: Pagination may yield inconsistent results with an unordered object_list: <class 'blogcodecs.models.blogs'> QuerySet.
  paginator = Paginator(blog,9)
<QuerySet [<blogPlusTags: 7 body language tips to aid in your charisma - top Blogs of Month>, <blogPlusTags: 7 stupid purchases rich people make. - top Blogs of Month>, <blogPlusTags: How to utilize your willpower effectively? - top Blogs of Month>]>
Not Found: /static/static/ckeditor/ckeditor.js
Not Found: /static/static/ckeditor/ckeditor.js
<QuerySet [<comments: hii>, <comments: byw>, <comments: Developing good habits will definitely lead you to success. If you have some bad habits and want to quit, replacing them with good habits will surely help more than you realize breaking free from bad habits.>, <comments: On the other hand, successful people understand that it is on those difficult days that you must force yourself to remain with your new habit. It will appear much simpler on a good day if you can accomplish it on a bad day, then good days will be much easier.>]>
5 simple ways to form any new habit
<QuerySet [<comments: hii>, <comments: byw>, <comments: Developing good habits will definitely lead you to success. If you have some bad habits and want to quit, replacing them with good habits will surely help more than you realize breaking free from bad habits.>, <comments: On the other hand, successful people understand that it is on those difficult days that you must force yourself to remain with your new habit. It will appear much simpler on a good day if you can accomplish it on a bad day, then good days will be much easier.>]>
5 simple ways to form any new habit
/home/mindpvcp/blog/blogcodecs/views.py:42: UnorderedObjectListWarning: Pagination may yield inconsistent results with an unordered object_list: <class 'blogcodecs.models.blogs'> QuerySet.
  paginator = Paginator(blog,9)
Not Found: /robots.txt
/home/mindpvcp/blog/blogcodecs/views.py:42: UnorderedObjectListWarning: Pagination may yield inconsistent results with an unordered object_list: <class 'blogcodecs.models.blogs'> QuerySet.
  paginator = Paginator(blog,9)
Not Found: /static/static/ckeditor/ckeditor.js
Not Found: /blog/dislike/12
<QuerySet []>
Why you cant count on Motivation forever?
[{'user': 'admin', 'isLiked': True}]
alreadyLiked
<QuerySet [<blogPlusTags: 7 body language tips to aid in your charisma - top Blogs of Month>, <blogPlusTags: 7 stupid purchases rich people make. - top Blogs of Month>, <blogPlusTags: How to utilize your willpower effectively? - top Blogs of Month>]>
<QuerySet [<blogPlusTags: 7 body language tips to aid in your charisma - top Blogs of Month>, <blogPlusTags: 7 stupid purchases rich people make. - top Blogs of Month>, <blogPlusTags: How to utilize your willpower effectively? - top Blogs of Month>]>
<QuerySet [<blogPlusTags: 7 body language tips to aid in your charisma - top Blogs of Month>, <blogPlusTags: 7 stupid purchases rich people make. - top Blogs of Month>, <blogPlusTags: How to utilize your willpower effectively? - top Blogs of Month>]>
<QuerySet [<blogPlusTags: 7 body language tips to aid in your charisma - top Blogs of Month>, <blogPlusTags: 7 stupid purchases rich people make. - top Blogs of Month>, <blogPlusTags: How to utilize your willpower effectively? - top Blogs of Month>]>
<QuerySet [<blogPlusTags: 7 body language tips to aid in your charisma - top Blogs of Month>, <blogPlusTags: 7 stupid purchases rich people make. - top Blogs of Month>, <blogPlusTags: How to utilize your willpower effectively? - top Blogs of Month>]>
<QuerySet [<blogPlusTags: 7 body language tips to aid in your charisma - top Blogs of Month>, <blogPlusTags: 7 stupid purchases rich people make. - top Blogs of Month>, <blogPlusTags: How to utilize your willpower effectively? - top Blogs of Month>]>
<QuerySet [<blogPlusTags: 7 body language tips to aid in your charisma - top Blogs of Month>, <blogPlusTags: 7 stupid purchases rich people make. - top Blogs of Month>, <blogPlusTags: How to utilize your willpower effectively? - top Blogs of Month>]>
Not Found: /static/static/ckeditor/ckeditor.js
<QuerySet [<blogPlusTags: 7 body language tips to aid in your charisma - top Blogs of Month>, <blogPlusTags: 7 stupid purchases rich people make. - top Blogs of Month>, <blogPlusTags: How to utilize your willpower effectively? - top Blogs of Month>]>
<QuerySet []>
How to utilize your willpower effectively?
<QuerySet [<blogPlusTags: 7 body language tips to aid in your charisma - top Blogs of Month>, <blogPlusTags: 7 stupid purchases rich people make. - top Blogs of Month>, <blogPlusTags: How to utilize your willpower effectively? - top Blogs of Month>]>
<QuerySet [<blogPlusTags: 7 body language tips to aid in your charisma - top Blogs of Month>, <blogPlusTags: 7 stupid purchases rich people make. - top Blogs of Month>, <blogPlusTags: How to utilize your willpower effectively? - top Blogs of Month>]>
<QuerySet [<blogPlusTags: 7 body language tips to aid in your charisma - top Blogs of Month>, <blogPlusTags: 7 stupid purchases rich people make. - top Blogs of Month>, <blogPlusTags: How to utilize your willpower effectively? - top Blogs of Month>]>
Not Found: /static/static/ckeditor/ckeditor.js
<QuerySet []>
How to utilize your willpower effectively?
Not Found: /static/static/ckeditor/ckeditor.js
<QuerySet []>
How to utilize your willpower effectively?
Not Found: /media/
Not Found: /author.html
Not Found: /static/static/ckeditor/ckeditor.js
<QuerySet []>
Why people meditate- life-changing benefits
<QuerySet [<blogPlusTags: 7 body language tips to aid in your charisma - top Blogs of Month>, <blogPlusTags: 7 stupid purchases rich people make. - top Blogs of Month>, <blogPlusTags: How to utilize your willpower effectively? - top Blogs of Month>]>
<QuerySet [<blogPlusTags: 7 body language tips to aid in your charisma - top Blogs of Month>, <blogPlusTags: 7 stupid purchases rich people make. - top Blogs of Month>, <blogPlusTags: How to utilize your willpower effectively? - top Blogs of Month>]>
Not Found: /media/
Not Found: /static/static/ckeditor/ckeditor.js
Not Found: /media/
<QuerySet [<blogPlusTags: 7 body language tips to aid in your charisma - top Blogs of Month>, <blogPlusTags: 7 stupid purchases rich people make. - top Blogs of Month>, <blogPlusTags: How to utilize your willpower effectively? - top Blogs of Month>]>
<QuerySet []>
Why people meditate- life-changing benefits
<QuerySet [<blogPlusTags: 7 body language tips to aid in your charisma - top Blogs of Month>, <blogPlusTags: 7 stupid purchases rich people make. - top Blogs of Month>, <blogPlusTags: How to utilize your willpower effectively? - top Blogs of Month>]>
/home/mindpvcp/blog/blogcodecs/views.py:42: UnorderedObjectListWarning: Pagination may yield inconsistent results with an unordered object_list: <class 'blogcodecs.models.blogs'> QuerySet.
  paginator = Paginator(blog,9)
<QuerySet [<blogPlusTags: 7 body language tips to aid in your charisma - top Blogs of Month>, <blogPlusTags: 7 stupid purchases rich people make. - top Blogs of Month>, <blogPlusTags: How to utilize your willpower effectively? - top Blogs of Month>]>
Not Found: /static/static/ckeditor/ckeditor.js
<QuerySet []>
How to utilize your willpower effectively?
Not Found: /media/
Not Found: /static/static/ckeditor/ckeditor.js
<QuerySet [<blogPlusTags: 7 body language tips to aid in your charisma - top Blogs of Month>, <blogPlusTags: 7 stupid purchases rich people make. - top Blogs of Month>, <blogPlusTags: How to utilize your willpower effectively? - top Blogs of Month>]>
<QuerySet []>
7 body language tips to aid in your charisma
Not Found: /media/
<QuerySet [<blogPlusTags: 7 body language tips to aid in your charisma - top Blogs of Month>, <blogPlusTags: 7 stupid purchases rich people make. - top Blogs of Month>, <blogPlusTags: How to utilize your willpower effectively? - top Blogs of Month>]>
Not Found: /media/
<QuerySet [<blogPlusTags: 7 body language tips to aid in your charisma - top Blogs of Month>, <blogPlusTags: 7 stupid purchases rich people make. - top Blogs of Month>, <blogPlusTags: How to utilize your willpower effectively? - top Blogs of Month>]>
